[0.021s] Invoking command in '/home/pi/ros2_ws/build/my_robot_bringup': CMAKE_PREFIX_PATH=/home/pi/ros2_ws/install/my_robot_description:/home/pi/ros2_ws/install/my_robot_hardware:/home/pi/ros2_ws/install/my_robot_bringup:/home/pi/rpl_ws/install/rplidar_ros:/opt/ros/jazzy/opt/gz_sim_vendor:/opt/ros/jazzy/opt/gz_sensors_vendor:/opt/ros/jazzy/opt/gz_physics_vendor:/opt/ros/jazzy/opt/sdformat_vendor:/opt/ros/jazzy/opt/gz_gui_vendor:/opt/ros/jazzy/opt/gz_transport_vendor:/opt/ros/jazzy/opt/gz_rendering_vendor:/opt/ros/jazzy/opt/gz_plugin_vendor:/opt/ros/jazzy/opt/gz_fuel_tools_vendor:/opt/ros/jazzy/opt/gz_msgs_vendor:/opt/ros/jazzy/opt/gz_common_vendor:/opt/ros/jazzy/opt/gz_math_vendor:/opt/ros/jazzy/opt/gz_utils_vendor:/opt/ros/jazzy/opt/gz_tools_vendor:/opt/ros/jazzy/opt/gz_ogre_next_vendor:/opt/ros/jazzy/opt/gz_dartsim_vendor:/opt/ros/jazzy/opt/gz_cmake_vendor:/opt/ros/jazzy DEBUGINFOD_URLS=https://debuginfod.ubuntu.com /usr/bin/cmake /home/pi/ros2_ws/src/my_robot_bringup -DCMAKE_INSTALL_PREFIX=/home/pi/ros2_ws/install/my_robot_bringup
[0.048s] -- Found ament_cmake: 2.5.4 (/opt/ros/jazzy/share/ament_cmake/cmake)
[0.385s] -- Override CMake install command with custom implementation using symlinks instead of copying resources
[0.562s] -- Configuring done (0.5s)
[0.571s] -- Generating done (0.0s)
[0.581s] -- Build files have been written to: /home/pi/ros2_ws/build/my_robot_bringup
[0.585s] Invoked command in '/home/pi/ros2_ws/build/my_robot_bringup' returned '0': CMAKE_PREFIX_PATH=/home/pi/ros2_ws/install/my_robot_description:/home/pi/ros2_ws/install/my_robot_hardware:/home/pi/ros2_ws/install/my_robot_bringup:/home/pi/rpl_ws/install/rplidar_ros:/opt/ros/jazzy/opt/gz_sim_vendor:/opt/ros/jazzy/opt/gz_sensors_vendor:/opt/ros/jazzy/opt/gz_physics_vendor:/opt/ros/jazzy/opt/sdformat_vendor:/opt/ros/jazzy/opt/gz_gui_vendor:/opt/ros/jazzy/opt/gz_transport_vendor:/opt/ros/jazzy/opt/gz_rendering_vendor:/opt/ros/jazzy/opt/gz_plugin_vendor:/opt/ros/jazzy/opt/gz_fuel_tools_vendor:/opt/ros/jazzy/opt/gz_msgs_vendor:/opt/ros/jazzy/opt/gz_common_vendor:/opt/ros/jazzy/opt/gz_math_vendor:/opt/ros/jazzy/opt/gz_utils_vendor:/opt/ros/jazzy/opt/gz_tools_vendor:/opt/ros/jazzy/opt/gz_ogre_next_vendor:/opt/ros/jazzy/opt/gz_dartsim_vendor:/opt/ros/jazzy/opt/gz_cmake_vendor:/opt/ros/jazzy DEBUGINFOD_URLS=https://debuginfod.ubuntu.com /usr/bin/cmake /home/pi/ros2_ws/src/my_robot_bringup -DCMAKE_INSTALL_PREFIX=/home/pi/ros2_ws/install/my_robot_bringup
[0.587s] Invoking command in '/home/pi/ros2_ws/build/my_robot_bringup': CMAKE_PREFIX_PATH=/home/pi/ros2_ws/install/my_robot_description:/home/pi/ros2_ws/install/my_robot_hardware:/home/pi/ros2_ws/install/my_robot_bringup:/home/pi/rpl_ws/install/rplidar_ros:/opt/ros/jazzy/opt/gz_sim_vendor:/opt/ros/jazzy/opt/gz_sensors_vendor:/opt/ros/jazzy/opt/gz_physics_vendor:/opt/ros/jazzy/opt/sdformat_vendor:/opt/ros/jazzy/opt/gz_gui_vendor:/opt/ros/jazzy/opt/gz_transport_vendor:/opt/ros/jazzy/opt/gz_rendering_vendor:/opt/ros/jazzy/opt/gz_plugin_vendor:/opt/ros/jazzy/opt/gz_fuel_tools_vendor:/opt/ros/jazzy/opt/gz_msgs_vendor:/opt/ros/jazzy/opt/gz_common_vendor:/opt/ros/jazzy/opt/gz_math_vendor:/opt/ros/jazzy/opt/gz_utils_vendor:/opt/ros/jazzy/opt/gz_tools_vendor:/opt/ros/jazzy/opt/gz_ogre_next_vendor:/opt/ros/jazzy/opt/gz_dartsim_vendor:/opt/ros/jazzy/opt/gz_cmake_vendor:/opt/ros/jazzy DEBUGINFOD_URLS=https://debuginfod.ubuntu.com /usr/bin/cmake --build /home/pi/ros2_ws/build/my_robot_bringup -- -j4 -l4
[0.667s] Invoked command in '/home/pi/ros2_ws/build/my_robot_bringup' returned '0': CMAKE_PREFIX_PATH=/home/pi/ros2_ws/install/my_robot_description:/home/pi/ros2_ws/install/my_robot_hardware:/home/pi/ros2_ws/install/my_robot_bringup:/home/pi/rpl_ws/install/rplidar_ros:/opt/ros/jazzy/opt/gz_sim_vendor:/opt/ros/jazzy/opt/gz_sensors_vendor:/opt/ros/jazzy/opt/gz_physics_vendor:/opt/ros/jazzy/opt/sdformat_vendor:/opt/ros/jazzy/opt/gz_gui_vendor:/opt/ros/jazzy/opt/gz_transport_vendor:/opt/ros/jazzy/opt/gz_rendering_vendor:/opt/ros/jazzy/opt/gz_plugin_vendor:/opt/ros/jazzy/opt/gz_fuel_tools_vendor:/opt/ros/jazzy/opt/gz_msgs_vendor:/opt/ros/jazzy/opt/gz_common_vendor:/opt/ros/jazzy/opt/gz_math_vendor:/opt/ros/jazzy/opt/gz_utils_vendor:/opt/ros/jazzy/opt/gz_tools_vendor:/opt/ros/jazzy/opt/gz_ogre_next_vendor:/opt/ros/jazzy/opt/gz_dartsim_vendor:/opt/ros/jazzy/opt/gz_cmake_vendor:/opt/ros/jazzy DEBUGINFOD_URLS=https://debuginfod.ubuntu.com /usr/bin/cmake --build /home/pi/ros2_ws/build/my_robot_bringup -- -j4 -l4
[0.669s] Invoking command in '/home/pi/ros2_ws/build/my_robot_bringup': CMAKE_PREFIX_PATH=/home/pi/ros2_ws/install/my_robot_description:/home/pi/ros2_ws/install/my_robot_hardware:/home/pi/ros2_ws/install/my_robot_bringup:/home/pi/rpl_ws/install/rplidar_ros:/opt/ros/jazzy/opt/gz_sim_vendor:/opt/ros/jazzy/opt/gz_sensors_vendor:/opt/ros/jazzy/opt/gz_physics_vendor:/opt/ros/jazzy/opt/sdformat_vendor:/opt/ros/jazzy/opt/gz_gui_vendor:/opt/ros/jazzy/opt/gz_transport_vendor:/opt/ros/jazzy/opt/gz_rendering_vendor:/opt/ros/jazzy/opt/gz_plugin_vendor:/opt/ros/jazzy/opt/gz_fuel_tools_vendor:/opt/ros/jazzy/opt/gz_msgs_vendor:/opt/ros/jazzy/opt/gz_common_vendor:/opt/ros/jazzy/opt/gz_math_vendor:/opt/ros/jazzy/opt/gz_utils_vendor:/opt/ros/jazzy/opt/gz_tools_vendor:/opt/ros/jazzy/opt/gz_ogre_next_vendor:/opt/ros/jazzy/opt/gz_dartsim_vendor:/opt/ros/jazzy/opt/gz_cmake_vendor:/opt/ros/jazzy DEBUGINFOD_URLS=https://debuginfod.ubuntu.com /usr/bin/cmake --install /home/pi/ros2_ws/build/my_robot_bringup
[0.685s] -- Install configuration: ""
[0.686s] -- Execute custom install script
[0.686s] -- Up-to-date symlink: /home/pi/ros2_ws/install/my_robot_bringup/share/my_robot_bringup//config/gazebo_bridge.yaml
[0.688s] -- Up-to-date symlink: /home/pi/ros2_ws/install/my_robot_bringup/share/my_robot_bringup//config/joystick.yaml
[0.688s] -- Up-to-date symlink: /home/pi/ros2_ws/install/my_robot_bringup/share/my_robot_bringup//config/my_cartographer.lua
[0.688s] -- Up-to-date symlink: /home/pi/ros2_ws/install/my_robot_bringup/share/my_robot_bringup//config/my_robot_controller.yaml
[0.688s] -- Up-to-date symlink: /home/pi/ros2_ws/install/my_robot_bringup/share/my_robot_bringup//config/nav2_params.yaml
[0.689s] -- Up-to-date symlink: /home/pi/ros2_ws/install/my_robot_bringup/share/my_robot_bringup//launch/my_robot.launch.xml
[0.689s] -- Up-to-date symlink: /home/pi/ros2_ws/install/my_robot_bringup/share/my_robot_bringup//launch/my_robot_gazebo.launch.xml
[0.689s] -- Up-to-date symlink: /home/pi/ros2_ws/install/my_robot_bringup/share/my_robot_bringup//worlds/obstacles_world.sdf
[0.689s] -- Up-to-date symlink: /home/pi/ros2_ws/install/my_robot_bringup/share/ament_index/resource_index/package_run_dependencies/my_robot_bringup
[0.689s] -- Up-to-date symlink: /home/pi/ros2_ws/install/my_robot_bringup/share/ament_index/resource_index/parent_prefix_path/my_robot_bringup
[0.690s] -- Up-to-date symlink: /home/pi/ros2_ws/install/my_robot_bringup/share/my_robot_bringup/environment/ament_prefix_path.sh
[0.690s] -- Up-to-date symlink: /home/pi/ros2_ws/install/my_robot_bringup/share/my_robot_bringup/environment/ament_prefix_path.dsv
[0.690s] -- Up-to-date symlink: /home/pi/ros2_ws/install/my_robot_bringup/share/my_robot_bringup/environment/path.sh
[0.690s] -- Up-to-date symlink: /home/pi/ros2_ws/install/my_robot_bringup/share/my_robot_bringup/environment/path.dsv
[0.690s] -- Up-to-date symlink: /home/pi/ros2_ws/install/my_robot_bringup/share/my_robot_bringup/local_setup.bash
[0.691s] -- Up-to-date symlink: /home/pi/ros2_ws/install/my_robot_bringup/share/my_robot_bringup/local_setup.sh
[0.691s] -- Up-to-date symlink: /home/pi/ros2_ws/install/my_robot_bringup/share/my_robot_bringup/local_setup.zsh
[0.691s] -- Up-to-date symlink: /home/pi/ros2_ws/install/my_robot_bringup/share/my_robot_bringup/local_setup.dsv
[0.691s] -- Symlinking: /home/pi/ros2_ws/install/my_robot_bringup/share/my_robot_bringup/package.dsv
[0.712s] -- Up-to-date symlink: /home/pi/ros2_ws/install/my_robot_bringup/share/ament_index/resource_index/packages/my_robot_bringup
[0.712s] -- Up-to-date symlink: /home/pi/ros2_ws/install/my_robot_bringup/share/my_robot_bringup/cmake/my_robot_bringupConfig.cmake
[0.712s] -- Up-to-date symlink: /home/pi/ros2_ws/install/my_robot_bringup/share/my_robot_bringup/cmake/my_robot_bringupConfig-version.cmake
[0.712s] -- Up-to-date symlink: /home/pi/ros2_ws/install/my_robot_bringup/share/my_robot_bringup/package.xml
[0.716s] Invoked command in '/home/pi/ros2_ws/build/my_robot_bringup' returned '0': CMAKE_PREFIX_PATH=/home/pi/ros2_ws/install/my_robot_description:/home/pi/ros2_ws/install/my_robot_hardware:/home/pi/ros2_ws/install/my_robot_bringup:/home/pi/rpl_ws/install/rplidar_ros:/opt/ros/jazzy/opt/gz_sim_vendor:/opt/ros/jazzy/opt/gz_sensors_vendor:/opt/ros/jazzy/opt/gz_physics_vendor:/opt/ros/jazzy/opt/sdformat_vendor:/opt/ros/jazzy/opt/gz_gui_vendor:/opt/ros/jazzy/opt/gz_transport_vendor:/opt/ros/jazzy/opt/gz_rendering_vendor:/opt/ros/jazzy/opt/gz_plugin_vendor:/opt/ros/jazzy/opt/gz_fuel_tools_vendor:/opt/ros/jazzy/opt/gz_msgs_vendor:/opt/ros/jazzy/opt/gz_common_vendor:/opt/ros/jazzy/opt/gz_math_vendor:/opt/ros/jazzy/opt/gz_utils_vendor:/opt/ros/jazzy/opt/gz_tools_vendor:/opt/ros/jazzy/opt/gz_ogre_next_vendor:/opt/ros/jazzy/opt/gz_dartsim_vendor:/opt/ros/jazzy/opt/gz_cmake_vendor:/opt/ros/jazzy DEBUGINFOD_URLS=https://debuginfod.ubuntu.com /usr/bin/cmake --install /home/pi/ros2_ws/build/my_robot_bringup
