[0.055s] Invoking command in '/home/pi/ros2_ws/build/my_robot_bringup': CMAKE_PREFIX_PATH=/home/pi/ros2_ws/install/my_robot_description:/home/pi/ros2_ws/install/my_robot_hardware:/home/pi/ros2_ws/install/my_robot_bringup:/home/pi/rpl_ws/install/rplidar_ros:/opt/ros/jazzy/opt/gz_sim_vendor:/opt/ros/jazzy/opt/gz_sensors_vendor:/opt/ros/jazzy/opt/gz_physics_vendor:/opt/ros/jazzy/opt/sdformat_vendor:/opt/ros/jazzy/opt/gz_gui_vendor:/opt/ros/jazzy/opt/gz_transport_vendor:/opt/ros/jazzy/opt/gz_rendering_vendor:/opt/ros/jazzy/opt/gz_plugin_vendor:/opt/ros/jazzy/opt/gz_fuel_tools_vendor:/opt/ros/jazzy/opt/gz_msgs_vendor:/opt/ros/jazzy/opt/gz_common_vendor:/opt/ros/jazzy/opt/gz_math_vendor:/opt/ros/jazzy/opt/gz_utils_vendor:/opt/ros/jazzy/opt/gz_tools_vendor:/opt/ros/jazzy/opt/gz_ogre_next_vendor:/opt/ros/jazzy/opt/gz_dartsim_vendor:/opt/ros/jazzy/opt/gz_cmake_vendor:/opt/ros/jazzy DEBUGINFOD_URLS=https://debuginfod.ubuntu.com /usr/bin/cmake --build /home/pi/ros2_ws/build/my_robot_bringup -- -j4 -l4
[0.132s] Invoked command in '/home/pi/ros2_ws/build/my_robot_bringup' returned '0': CMAKE_PREFIX_PATH=/home/pi/ros2_ws/install/my_robot_description:/home/pi/ros2_ws/install/my_robot_hardware:/home/pi/ros2_ws/install/my_robot_bringup:/home/pi/rpl_ws/install/rplidar_ros:/opt/ros/jazzy/opt/gz_sim_vendor:/opt/ros/jazzy/opt/gz_sensors_vendor:/opt/ros/jazzy/opt/gz_physics_vendor:/opt/ros/jazzy/opt/sdformat_vendor:/opt/ros/jazzy/opt/gz_gui_vendor:/opt/ros/jazzy/opt/gz_transport_vendor:/opt/ros/jazzy/opt/gz_rendering_vendor:/opt/ros/jazzy/opt/gz_plugin_vendor:/opt/ros/jazzy/opt/gz_fuel_tools_vendor:/opt/ros/jazzy/opt/gz_msgs_vendor:/opt/ros/jazzy/opt/gz_common_vendor:/opt/ros/jazzy/opt/gz_math_vendor:/opt/ros/jazzy/opt/gz_utils_vendor:/opt/ros/jazzy/opt/gz_tools_vendor:/opt/ros/jazzy/opt/gz_ogre_next_vendor:/opt/ros/jazzy/opt/gz_dartsim_vendor:/opt/ros/jazzy/opt/gz_cmake_vendor:/opt/ros/jazzy DEBUGINFOD_URLS=https://debuginfod.ubuntu.com /usr/bin/cmake --build /home/pi/ros2_ws/build/my_robot_bringup -- -j4 -l4
[0.134s] Invoking command in '/home/pi/ros2_ws/build/my_robot_bringup': CMAKE_PREFIX_PATH=/home/pi/ros2_ws/install/my_robot_description:/home/pi/ros2_ws/install/my_robot_hardware:/home/pi/ros2_ws/install/my_robot_bringup:/home/pi/rpl_ws/install/rplidar_ros:/opt/ros/jazzy/opt/gz_sim_vendor:/opt/ros/jazzy/opt/gz_sensors_vendor:/opt/ros/jazzy/opt/gz_physics_vendor:/opt/ros/jazzy/opt/sdformat_vendor:/opt/ros/jazzy/opt/gz_gui_vendor:/opt/ros/jazzy/opt/gz_transport_vendor:/opt/ros/jazzy/opt/gz_rendering_vendor:/opt/ros/jazzy/opt/gz_plugin_vendor:/opt/ros/jazzy/opt/gz_fuel_tools_vendor:/opt/ros/jazzy/opt/gz_msgs_vendor:/opt/ros/jazzy/opt/gz_common_vendor:/opt/ros/jazzy/opt/gz_math_vendor:/opt/ros/jazzy/opt/gz_utils_vendor:/opt/ros/jazzy/opt/gz_tools_vendor:/opt/ros/jazzy/opt/gz_ogre_next_vendor:/opt/ros/jazzy/opt/gz_dartsim_vendor:/opt/ros/jazzy/opt/gz_cmake_vendor:/opt/ros/jazzy DEBUGINFOD_URLS=https://debuginfod.ubuntu.com /usr/bin/cmake --install /home/pi/ros2_ws/build/my_robot_bringup
[0.154s] -- Install configuration: ""
[0.155s] -- Execute custom install script
[0.155s] -- Up-to-date symlink: /home/pi/ros2_ws/install/my_robot_bringup/share/my_robot_bringup//config/gazebo_bridge.yaml
[0.155s] -- Up-to-date symlink: /home/pi/ros2_ws/install/my_robot_bringup/share/my_robot_bringup//config/joystick.yaml
[0.155s] -- Up-to-date symlink: /home/pi/ros2_ws/install/my_robot_bringup/share/my_robot_bringup//config/my_cartographer.lua
[0.155s] -- Up-to-date symlink: /home/pi/ros2_ws/install/my_robot_bringup/share/my_robot_bringup//config/my_robot_controller.yaml
[0.156s] -- Up-to-date symlink: /home/pi/ros2_ws/install/my_robot_bringup/share/my_robot_bringup//config/nav2_params.yaml
[0.156s] -- Up-to-date symlink: /home/pi/ros2_ws/install/my_robot_bringup/share/my_robot_bringup//launch/my_robot.launch.xml
[0.156s] -- Up-to-date symlink: /home/pi/ros2_ws/install/my_robot_bringup/share/my_robot_bringup//launch/my_robot_gazebo.launch.xml
[0.156s] -- Up-to-date symlink: /home/pi/ros2_ws/install/my_robot_bringup/share/my_robot_bringup//worlds/obstacles_world.sdf
[0.156s] -- Up-to-date symlink: /home/pi/ros2_ws/install/my_robot_bringup/share/ament_index/resource_index/package_run_dependencies/my_robot_bringup
[0.157s] -- Up-to-date symlink: /home/pi/ros2_ws/install/my_robot_bringup/share/ament_index/resource_index/parent_prefix_path/my_robot_bringup
[0.157s] -- Up-to-date symlink: /home/pi/ros2_ws/install/my_robot_bringup/share/my_robot_bringup/environment/ament_prefix_path.sh
[0.157s] -- Up-to-date symlink: /home/pi/ros2_ws/install/my_robot_bringup/share/my_robot_bringup/environment/ament_prefix_path.dsv
[0.157s] -- Up-to-date symlink: /home/pi/ros2_ws/install/my_robot_bringup/share/my_robot_bringup/environment/path.sh
[0.157s] -- Up-to-date symlink: /home/pi/ros2_ws/install/my_robot_bringup/share/my_robot_bringup/environment/path.dsv
[0.157s] -- Up-to-date symlink: /home/pi/ros2_ws/install/my_robot_bringup/share/my_robot_bringup/local_setup.bash
[0.158s] -- Up-to-date symlink: /home/pi/ros2_ws/install/my_robot_bringup/share/my_robot_bringup/local_setup.sh
[0.158s] -- Up-to-date symlink: /home/pi/ros2_ws/install/my_robot_bringup/share/my_robot_bringup/local_setup.zsh
[0.158s] -- Up-to-date symlink: /home/pi/ros2_ws/install/my_robot_bringup/share/my_robot_bringup/local_setup.dsv
[0.158s] -- Symlinking: /home/pi/ros2_ws/install/my_robot_bringup/share/my_robot_bringup/package.dsv
[0.180s] -- Up-to-date symlink: /home/pi/ros2_ws/install/my_robot_bringup/share/ament_index/resource_index/packages/my_robot_bringup
[0.180s] -- Up-to-date symlink: /home/pi/ros2_ws/install/my_robot_bringup/share/my_robot_bringup/cmake/my_robot_bringupConfig.cmake
[0.180s] -- Up-to-date symlink: /home/pi/ros2_ws/install/my_robot_bringup/share/my_robot_bringup/cmake/my_robot_bringupConfig-version.cmake
[0.180s] -- Up-to-date symlink: /home/pi/ros2_ws/install/my_robot_bringup/share/my_robot_bringup/package.xml
[0.183s] Invoked command in '/home/pi/ros2_ws/build/my_robot_bringup' returned '0': CMAKE_PREFIX_PATH=/home/pi/ros2_ws/install/my_robot_description:/home/pi/ros2_ws/install/my_robot_hardware:/home/pi/ros2_ws/install/my_robot_bringup:/home/pi/rpl_ws/install/rplidar_ros:/opt/ros/jazzy/opt/gz_sim_vendor:/opt/ros/jazzy/opt/gz_sensors_vendor:/opt/ros/jazzy/opt/gz_physics_vendor:/opt/ros/jazzy/opt/sdformat_vendor:/opt/ros/jazzy/opt/gz_gui_vendor:/opt/ros/jazzy/opt/gz_transport_vendor:/opt/ros/jazzy/opt/gz_rendering_vendor:/opt/ros/jazzy/opt/gz_plugin_vendor:/opt/ros/jazzy/opt/gz_fuel_tools_vendor:/opt/ros/jazzy/opt/gz_msgs_vendor:/opt/ros/jazzy/opt/gz_common_vendor:/opt/ros/jazzy/opt/gz_math_vendor:/opt/ros/jazzy/opt/gz_utils_vendor:/opt/ros/jazzy/opt/gz_tools_vendor:/opt/ros/jazzy/opt/gz_ogre_next_vendor:/opt/ros/jazzy/opt/gz_dartsim_vendor:/opt/ros/jazzy/opt/gz_cmake_vendor:/opt/ros/jazzy DEBUGINFOD_URLS=https://debuginfod.ubuntu.com /usr/bin/cmake --install /home/pi/ros2_ws/build/my_robot_bringup
