[0.133s] DEBUG:colcon:Command line arguments: ['/usr/bin/colcon', 'build', '--symlink-install']
[0.133s] DEBUG:colcon:Parsed command line arguments: Namespace(log_base=None, log_level=None, verb_name='build', build_base='build', install_base='install', merge_install=False, symlink_install=True, test_result_base=None, continue_on_error=False, executor='parallel', parallel_workers=4, event_handlers=None, ignore_user_meta=False, metas=['./colcon.meta'], base_paths=['.'], packages_ignore=None, packages_ignore_regex=None, paths=None, packages_up_to=None, packages_up_to_regex=None, packages_above=None, packages_above_and_dependencies=None, packages_above_depth=None, packages_select_by_dep=None, packages_skip_by_dep=None, packages_skip_up_to=None, packages_select_build_failed=False, packages_skip_build_finished=False, packages_select_test_failures=False, packages_skip_test_passed=False, packages_select=None, packages_skip=None, packages_select_regex=None, packages_skip_regex=None, packages_start=None, packages_end=None, allow_overriding=[], cmake_args=None, cmake_target=None, cmake_target_skip_unavailable=False, cmake_clean_cache=False, cmake_clean_first=False, cmake_force_configure=False, ament_cmake_args=None, catkin_cmake_args=None, catkin_skip_building_tests=False, mixin_files=None, mixin=None, verb_parser=<colcon_mixin.mixin.mixin_argument.MixinArgumentDecorator object at 0xffffb7939ca0>, verb_extension=<colcon_core.verb.build.BuildVerb object at 0xffffb7ae6390>, main=<bound method BuildVerb.main of <colcon_core.verb.build.BuildVerb object at 0xffffb7ae6390>>, mixin_verb=('build',))
[0.184s] Level 1:colcon.colcon_core.package_discovery:discover_packages(colcon_meta) check parameters
[0.184s] Level 1:colcon.colcon_core.package_discovery:discover_packages(recursive) check parameters
[0.184s] Level 1:colcon.colcon_core.package_discovery:discover_packages(ignore) check parameters
[0.184s] Level 1:colcon.colcon_core.package_discovery:discover_packages(path) check parameters
[0.184s] Level 1:colcon.colcon_core.package_discovery:discover_packages(colcon_meta) discover
[0.184s] Level 1:colcon.colcon_core.package_discovery:discover_packages(recursive) discover
[0.184s] INFO:colcon.colcon_core.package_discovery:Crawling recursively for packages in '/home/pi/ros2_ws'
[0.184s] Level 1:colcon.colcon_core.package_identification:_identify(.) by extensions ['ignore', 'ignore_ament_install']
[0.184s] Level 1:colcon.colcon_core.package_identification:_identify(.) by extension 'ignore'
[0.184s] Level 1:colcon.colcon_core.package_identification:_identify(.) by extension 'ignore_ament_install'
[0.184s] Level 1:colcon.colcon_core.package_identification:_identify(.) by extensions ['colcon_pkg']
[0.185s] Level 1:colcon.colcon_core.package_identification:_identify(.) by extension 'colcon_pkg'
[0.185s] Level 1:colcon.colcon_core.package_identification:_identify(.) by extensions ['colcon_meta']
[0.185s] Level 1:colcon.colcon_core.package_identification:_identify(.) by extension 'colcon_meta'
[0.185s] Level 1:colcon.colcon_core.package_identification:_identify(.) by extensions ['ros']
[0.185s] Level 1:colcon.colcon_core.package_identification:_identify(.) by extension 'ros'
[0.219s] Level 1:colcon.colcon_core.package_identification:_identify(.) by extensions ['cmake', 'python']
[0.219s] Level 1:colcon.colcon_core.package_identification:_identify(.) by extension 'cmake'
[0.220s] Level 1:colcon.colcon_core.package_identification:_identify(.) by extension 'python'
[0.220s] Level 1:colcon.colcon_core.package_identification:_identify(.) by extensions ['python_setup_py']
[0.220s] Level 1:colcon.colcon_core.package_identification:_identify(.) by extension 'python_setup_py'
[0.220s] Level 1:colcon.colcon_core.package_identification:_identify(build) by extensions ['ignore', 'ignore_ament_install']
[0.220s] Level 1:colcon.colcon_core.package_identification:_identify(build) by extension 'ignore'
[0.220s] Level 1:colcon.colcon_core.package_identification:_identify(build) ignored
[0.220s] Level 1:colcon.colcon_core.package_identification:_identify(install) by extensions ['ignore', 'ignore_ament_install']
[0.220s] Level 1:colcon.colcon_core.package_identification:_identify(install) by extension 'ignore'
[0.220s] Level 1:colcon.colcon_core.package_identification:_identify(install) ignored
[0.220s] Level 1:colcon.colcon_core.package_identification:_identify(log) by extensions ['ignore', 'ignore_ament_install']
[0.220s] Level 1:colcon.colcon_core.package_identification:_identify(log) by extension 'ignore'
[0.220s] Level 1:colcon.colcon_core.package_identification:_identify(log) ignored
[0.220s] Level 1:colcon.colcon_core.package_identification:_identify(src) by extensions ['ignore', 'ignore_ament_install']
[0.221s] Level 1:colcon.colcon_core.package_identification:_identify(src) by extension 'ignore'
[0.221s] Level 1:colcon.colcon_core.package_identification:_identify(src) by extension 'ignore_ament_install'
[0.221s] Level 1:colcon.colcon_core.package_identification:_identify(src) by extensions ['colcon_pkg']
[0.221s] Level 1:colcon.colcon_core.package_identification:_identify(src) by extension 'colcon_pkg'
[0.221s] Level 1:colcon.colcon_core.package_identification:_identify(src) by extensions ['colcon_meta']
[0.221s] Level 1:colcon.colcon_core.package_identification:_identify(src) by extension 'colcon_meta'
[0.221s] Level 1:colcon.colcon_core.package_identification:_identify(src) by extensions ['ros']
[0.221s] Level 1:colcon.colcon_core.package_identification:_identify(src) by extension 'ros'
[0.221s] Level 1:colcon.colcon_core.package_identification:_identify(src) by extensions ['cmake', 'python']
[0.221s] Level 1:colcon.colcon_core.package_identification:_identify(src) by extension 'cmake'
[0.221s] Level 1:colcon.colcon_core.package_identification:_identify(src) by extension 'python'
[0.221s] Level 1:colcon.colcon_core.package_identification:_identify(src) by extensions ['python_setup_py']
[0.221s] Level 1:colcon.colcon_core.package_identification:_identify(src) by extension 'python_setup_py'
[0.221s] Level 1:colcon.colcon_core.package_identification:_identify(src/I2C test) by extensions ['ignore', 'ignore_ament_install']
[0.221s] Level 1:colcon.colcon_core.package_identification:_identify(src/I2C test) by extension 'ignore'
[0.221s] Level 1:colcon.colcon_core.package_identification:_identify(src/I2C test) by extension 'ignore_ament_install'
[0.221s] Level 1:colcon.colcon_core.package_identification:_identify(src/I2C test) by extensions ['colcon_pkg']
[0.221s] Level 1:colcon.colcon_core.package_identification:_identify(src/I2C test) by extension 'colcon_pkg'
[0.221s] Level 1:colcon.colcon_core.package_identification:_identify(src/I2C test) by extensions ['colcon_meta']
[0.221s] Level 1:colcon.colcon_core.package_identification:_identify(src/I2C test) by extension 'colcon_meta'
[0.221s] Level 1:colcon.colcon_core.package_identification:_identify(src/I2C test) by extensions ['ros']
[0.221s] Level 1:colcon.colcon_core.package_identification:_identify(src/I2C test) by extension 'ros'
[0.221s] Level 1:colcon.colcon_core.package_identification:_identify(src/I2C test) by extensions ['cmake', 'python']
[0.221s] Level 1:colcon.colcon_core.package_identification:_identify(src/I2C test) by extension 'cmake'
[0.221s] Level 1:colcon.colcon_core.package_identification:_identify(src/I2C test) by extension 'python'
[0.221s] Level 1:colcon.colcon_core.package_identification:_identify(src/I2C test) by extensions ['python_setup_py']
[0.222s] Level 1:colcon.colcon_core.package_identification:_identify(src/I2C test) by extension 'python_setup_py'
[0.222s] Level 1:colcon.colcon_core.package_identification:_identify(src/my_robot_bringup) by extensions ['ignore', 'ignore_ament_install']
[0.222s] Level 1:colcon.colcon_core.package_identification:_identify(src/my_robot_bringup) by extension 'ignore'
[0.222s] Level 1:colcon.colcon_core.package_identification:_identify(src/my_robot_bringup) by extension 'ignore_ament_install'
[0.222s] Level 1:colcon.colcon_core.package_identification:_identify(src/my_robot_bringup) by extensions ['colcon_pkg']
[0.222s] Level 1:colcon.colcon_core.package_identification:_identify(src/my_robot_bringup) by extension 'colcon_pkg'
[0.222s] Level 1:colcon.colcon_core.package_identification:_identify(src/my_robot_bringup) by extensions ['colcon_meta']
[0.222s] Level 1:colcon.colcon_core.package_identification:_identify(src/my_robot_bringup) by extension 'colcon_meta'
[0.222s] Level 1:colcon.colcon_core.package_identification:_identify(src/my_robot_bringup) by extensions ['ros']
[0.222s] Level 1:colcon.colcon_core.package_identification:_identify(src/my_robot_bringup) by extension 'ros'
[0.225s] DEBUG:colcon.colcon_core.package_identification:Package 'src/my_robot_bringup' with type 'ros.ament_cmake' and name 'my_robot_bringup'
[0.225s] Level 1:colcon.colcon_core.package_identification:_identify(src/my_robot_description) by extensions ['ignore', 'ignore_ament_install']
[0.225s] Level 1:colcon.colcon_core.package_identification:_identify(src/my_robot_description) by extension 'ignore'
[0.225s] Level 1:colcon.colcon_core.package_identification:_identify(src/my_robot_description) by extension 'ignore_ament_install'
[0.226s] Level 1:colcon.colcon_core.package_identification:_identify(src/my_robot_description) by extensions ['colcon_pkg']
[0.226s] Level 1:colcon.colcon_core.package_identification:_identify(src/my_robot_description) by extension 'colcon_pkg'
[0.226s] Level 1:colcon.colcon_core.package_identification:_identify(src/my_robot_description) by extensions ['colcon_meta']
[0.226s] Level 1:colcon.colcon_core.package_identification:_identify(src/my_robot_description) by extension 'colcon_meta'
[0.226s] Level 1:colcon.colcon_core.package_identification:_identify(src/my_robot_description) by extensions ['ros']
[0.226s] Level 1:colcon.colcon_core.package_identification:_identify(src/my_robot_description) by extension 'ros'
[0.226s] DEBUG:colcon.colcon_core.package_identification:Package 'src/my_robot_description' with type 'ros.ament_cmake' and name 'my_robot_description'
[0.226s] Level 1:colcon.colcon_core.package_identification:_identify(src/my_robot_hardware) by extensions ['ignore', 'ignore_ament_install']
[0.226s] Level 1:colcon.colcon_core.package_identification:_identify(src/my_robot_hardware) by extension 'ignore'
[0.227s] Level 1:colcon.colcon_core.package_identification:_identify(src/my_robot_hardware) by extension 'ignore_ament_install'
[0.227s] Level 1:colcon.colcon_core.package_identification:_identify(src/my_robot_hardware) by extensions ['colcon_pkg']
[0.227s] Level 1:colcon.colcon_core.package_identification:_identify(src/my_robot_hardware) by extension 'colcon_pkg'
[0.227s] Level 1:colcon.colcon_core.package_identification:_identify(src/my_robot_hardware) by extensions ['colcon_meta']
[0.227s] Level 1:colcon.colcon_core.package_identification:_identify(src/my_robot_hardware) by extension 'colcon_meta'
[0.227s] Level 1:colcon.colcon_core.package_identification:_identify(src/my_robot_hardware) by extensions ['ros']
[0.227s] Level 1:colcon.colcon_core.package_identification:_identify(src/my_robot_hardware) by extension 'ros'
[0.227s] DEBUG:colcon.colcon_core.package_identification:Package 'src/my_robot_hardware' with type 'ros.ament_cmake' and name 'my_robot_hardware'
[0.227s] Level 1:colcon.colcon_core.package_discovery:discover_packages(recursive) using defaults
[0.228s] Level 1:colcon.colcon_core.package_discovery:discover_packages(ignore) discover
[0.228s] Level 1:colcon.colcon_core.package_discovery:discover_packages(ignore) using defaults
[0.228s] Level 1:colcon.colcon_core.package_discovery:discover_packages(path) discover
[0.228s] Level 1:colcon.colcon_core.package_discovery:discover_packages(path) using defaults
[0.250s] Level 1:colcon.colcon_core.package_discovery:discover_packages(prefix_path) check parameters
[0.250s] Level 1:colcon.colcon_core.package_discovery:discover_packages(prefix_path) discover
[0.252s] DEBUG:colcon.colcon_installed_package_information.package_discovery:Found 3 installed packages in /home/pi/ros2_ws/install
[0.252s] DEBUG:colcon.colcon_installed_package_information.package_discovery:Found 1 installed packages in /home/pi/rpl_ws/install
[0.255s] DEBUG:colcon.colcon_installed_package_information.package_discovery:Found 420 installed packages in /opt/ros/jazzy
[0.257s] Level 1:colcon.colcon_core.package_discovery:discover_packages(prefix_path) using defaults
[0.326s] Level 5:colcon.colcon_core.verb:set package 'my_robot_description' build argument 'cmake_args' from command line to 'None'
[0.326s] Level 5:colcon.colcon_core.verb:set package 'my_robot_description' build argument 'cmake_target' from command line to 'None'
[0.326s] Level 5:colcon.colcon_core.verb:set package 'my_robot_description' build argument 'cmake_target_skip_unavailable' from command line to 'False'
[0.326s] Level 5:colcon.colcon_core.verb:set package 'my_robot_description' build argument 'cmake_clean_cache' from command line to 'False'
[0.326s] Level 5:colcon.colcon_core.verb:set package 'my_robot_description' build argument 'cmake_clean_first' from command line to 'False'
[0.326s] Level 5:colcon.colcon_core.verb:set package 'my_robot_description' build argument 'cmake_force_configure' from command line to 'False'
[0.326s] Level 5:colcon.colcon_core.verb:set package 'my_robot_description' build argument 'ament_cmake_args' from command line to 'None'
[0.326s] Level 5:colcon.colcon_core.verb:set package 'my_robot_description' build argument 'catkin_cmake_args' from command line to 'None'
[0.326s] Level 5:colcon.colcon_core.verb:set package 'my_robot_description' build argument 'catkin_skip_building_tests' from command line to 'False'
[0.326s] DEBUG:colcon.colcon_core.verb:Building package 'my_robot_description' with the following arguments: {'ament_cmake_args': None, 'build_base': '/home/pi/ros2_ws/build/my_robot_description', 'catkin_cmake_args': None, 'catkin_skip_building_tests': False, 'cmake_args': None, 'cmake_clean_cache': False, 'cmake_clean_first': False, 'cmake_force_configure': False, 'cmake_target': None, 'cmake_target_skip_unavailable': False, 'install_base': '/home/pi/ros2_ws/install/my_robot_description', 'merge_install': False, 'path': '/home/pi/ros2_ws/src/my_robot_description', 'symlink_install': True, 'test_result_base': None}
[0.327s] Level 5:colcon.colcon_core.verb:set package 'my_robot_hardware' build argument 'cmake_args' from command line to 'None'
[0.327s] Level 5:colcon.colcon_core.verb:set package 'my_robot_hardware' build argument 'cmake_target' from command line to 'None'
[0.327s] Level 5:colcon.colcon_core.verb:set package 'my_robot_hardware' build argument 'cmake_target_skip_unavailable' from command line to 'False'
[0.327s] Level 5:colcon.colcon_core.verb:set package 'my_robot_hardware' build argument 'cmake_clean_cache' from command line to 'False'
[0.327s] Level 5:colcon.colcon_core.verb:set package 'my_robot_hardware' build argument 'cmake_clean_first' from command line to 'False'
[0.327s] Level 5:colcon.colcon_core.verb:set package 'my_robot_hardware' build argument 'cmake_force_configure' from command line to 'False'
[0.327s] Level 5:colcon.colcon_core.verb:set package 'my_robot_hardware' build argument 'ament_cmake_args' from command line to 'None'
[0.327s] Level 5:colcon.colcon_core.verb:set package 'my_robot_hardware' build argument 'catkin_cmake_args' from command line to 'None'
[0.327s] Level 5:colcon.colcon_core.verb:set package 'my_robot_hardware' build argument 'catkin_skip_building_tests' from command line to 'False'
[0.327s] DEBUG:colcon.colcon_core.verb:Building package 'my_robot_hardware' with the following arguments: {'ament_cmake_args': None, 'build_base': '/home/pi/ros2_ws/build/my_robot_hardware', 'catkin_cmake_args': None, 'catkin_skip_building_tests': False, 'cmake_args': None, 'cmake_clean_cache': False, 'cmake_clean_first': False, 'cmake_force_configure': False, 'cmake_target': None, 'cmake_target_skip_unavailable': False, 'install_base': '/home/pi/ros2_ws/install/my_robot_hardware', 'merge_install': False, 'path': '/home/pi/ros2_ws/src/my_robot_hardware', 'symlink_install': True, 'test_result_base': None}
[0.327s] Level 5:colcon.colcon_core.verb:set package 'my_robot_bringup' build argument 'cmake_args' from command line to 'None'
[0.327s] Level 5:colcon.colcon_core.verb:set package 'my_robot_bringup' build argument 'cmake_target' from command line to 'None'
[0.327s] Level 5:colcon.colcon_core.verb:set package 'my_robot_bringup' build argument 'cmake_target_skip_unavailable' from command line to 'False'
[0.327s] Level 5:colcon.colcon_core.verb:set package 'my_robot_bringup' build argument 'cmake_clean_cache' from command line to 'False'
[0.327s] Level 5:colcon.colcon_core.verb:set package 'my_robot_bringup' build argument 'cmake_clean_first' from command line to 'False'
[0.327s] Level 5:colcon.colcon_core.verb:set package 'my_robot_bringup' build argument 'cmake_force_configure' from command line to 'False'
[0.327s] Level 5:colcon.colcon_core.verb:set package 'my_robot_bringup' build argument 'ament_cmake_args' from command line to 'None'
[0.327s] Level 5:colcon.colcon_core.verb:set package 'my_robot_bringup' build argument 'catkin_cmake_args' from command line to 'None'
[0.327s] Level 5:colcon.colcon_core.verb:set package 'my_robot_bringup' build argument 'catkin_skip_building_tests' from command line to 'False'
[0.327s] DEBUG:colcon.colcon_core.verb:Building package 'my_robot_bringup' with the following arguments: {'ament_cmake_args': None, 'build_base': '/home/pi/ros2_ws/build/my_robot_bringup', 'catkin_cmake_args': None, 'catkin_skip_building_tests': False, 'cmake_args': None, 'cmake_clean_cache': False, 'cmake_clean_first': False, 'cmake_force_configure': False, 'cmake_target': None, 'cmake_target_skip_unavailable': False, 'install_base': '/home/pi/ros2_ws/install/my_robot_bringup', 'merge_install': False, 'path': '/home/pi/ros2_ws/src/my_robot_bringup', 'symlink_install': True, 'test_result_base': None}
[0.327s] INFO:colcon.colcon_core.executor:Executing jobs using 'parallel' executor
[0.329s] DEBUG:colcon.colcon_parallel_executor.executor.parallel:run_until_complete
[0.329s] INFO:colcon.colcon_ros.task.ament_cmake.build:Building ROS package in '/home/pi/ros2_ws/src/my_robot_description' with build type 'ament_cmake'
[0.329s] INFO:colcon.colcon_cmake.task.cmake.build:Building CMake package in '/home/pi/ros2_ws/src/my_robot_description'
[0.333s] INFO:colcon.colcon_core.plugin_system:Skipping extension 'colcon_core.shell.bat': Not used on non-Windows systems
[0.334s] INFO:colcon.colcon_core.shell:Skip shell extension 'powershell' for command environment: Not usable outside of PowerShell
[0.334s] DEBUG:colcon.colcon_core.shell:Skip shell extension 'dsv' for command environment
[0.343s] INFO:colcon.colcon_ros.task.ament_cmake.build:Building ROS package in '/home/pi/ros2_ws/src/my_robot_hardware' with build type 'ament_cmake'
[0.343s] INFO:colcon.colcon_cmake.task.cmake.build:Building CMake package in '/home/pi/ros2_ws/src/my_robot_hardware'
[0.344s] INFO:colcon.colcon_core.shell:Skip shell extension 'powershell' for command environment: Not usable outside of PowerShell
[0.344s] DEBUG:colcon.colcon_core.shell:Skip shell extension 'dsv' for command environment
[0.362s] DEBUG:colcon.colcon_core.event_handler.log_command:Invoking command in '/home/pi/ros2_ws/build/my_robot_description': CMAKE_PREFIX_PATH=${CMAKE_PREFIX_PATH}:/opt/ros/jazzy DEBUGINFOD_URLS=https://debuginfod.ubuntu.com /usr/bin/cmake --build /home/pi/ros2_ws/build/my_robot_description -- -j4 -l4
[0.373s] DEBUG:colcon.colcon_core.event_handler.log_command:Invoking command in '/home/pi/ros2_ws/build/my_robot_hardware': CMAKE_PREFIX_PATH=${CMAKE_PREFIX_PATH}:/opt/ros/jazzy DEBUGINFOD_URLS=https://debuginfod.ubuntu.com /usr/bin/cmake --build /home/pi/ros2_ws/build/my_robot_hardware -- -j4 -l4
[0.448s] DEBUG:colcon.colcon_core.event_handler.log_command:Invoked command in '/home/pi/ros2_ws/build/my_robot_description' returned '0': CMAKE_PREFIX_PATH=${CMAKE_PREFIX_PATH}:/opt/ros/jazzy DEBUGINFOD_URLS=https://debuginfod.ubuntu.com /usr/bin/cmake --build /home/pi/ros2_ws/build/my_robot_description -- -j4 -l4
[0.472s] DEBUG:colcon.colcon_core.event_handler.log_command:Invoking command in '/home/pi/ros2_ws/build/my_robot_description': CMAKE_PREFIX_PATH=${CMAKE_PREFIX_PATH}:/opt/ros/jazzy DEBUGINFOD_URLS=https://debuginfod.ubuntu.com /usr/bin/cmake --install /home/pi/ros2_ws/build/my_robot_description
[0.513s] DEBUG:colcon.colcon_core.event_handler.log_command:Invoked command in '/home/pi/ros2_ws/build/my_robot_hardware' returned '0': CMAKE_PREFIX_PATH=${CMAKE_PREFIX_PATH}:/opt/ros/jazzy DEBUGINFOD_URLS=https://debuginfod.ubuntu.com /usr/bin/cmake --build /home/pi/ros2_ws/build/my_robot_hardware -- -j4 -l4
[0.516s] DEBUG:colcon.colcon_core.event_handler.log_command:Invoking command in '/home/pi/ros2_ws/build/my_robot_hardware': CMAKE_PREFIX_PATH=${CMAKE_PREFIX_PATH}:/opt/ros/jazzy DEBUGINFOD_URLS=https://debuginfod.ubuntu.com /usr/bin/cmake --install /home/pi/ros2_ws/build/my_robot_hardware
[0.516s] Level 1:colcon.colcon_core.environment:create_environment_scripts_only(my_robot_description)
[0.518s] DEBUG:colcon.colcon_core.event_handler.log_command:Invoked command in '/home/pi/ros2_ws/build/my_robot_description' returned '0': CMAKE_PREFIX_PATH=${CMAKE_PREFIX_PATH}:/opt/ros/jazzy DEBUGINFOD_URLS=https://debuginfod.ubuntu.com /usr/bin/cmake --install /home/pi/ros2_ws/build/my_robot_description
[0.521s] Level 1:colcon.colcon_core.environment:checking '/home/pi/ros2_ws/install/my_robot_description' for CMake module files
[0.522s] Level 1:colcon.colcon_core.environment:checking '/home/pi/ros2_ws/install/my_robot_description' for CMake config files
[0.522s] Level 1:colcon.colcon_core.shell:create_environment_hook('my_robot_description', 'cmake_prefix_path')
[0.523s] INFO:colcon.colcon_core.shell:Creating environment hook '/home/pi/ros2_ws/install/my_robot_description/share/my_robot_description/hook/cmake_prefix_path.ps1'
[0.555s] INFO:colcon.colcon_core.shell:Creating environment descriptor '/home/pi/ros2_ws/install/my_robot_description/share/my_robot_description/hook/cmake_prefix_path.dsv'
[0.557s] INFO:colcon.colcon_core.shell:Creating environment hook '/home/pi/ros2_ws/install/my_robot_description/share/my_robot_description/hook/cmake_prefix_path.sh'
[0.559s] Level 1:colcon.colcon_core.environment:checking '/home/pi/ros2_ws/install/my_robot_description/bin'
[0.559s] Level 1:colcon.colcon_core.environment:checking '/home/pi/ros2_ws/install/my_robot_description/lib/pkgconfig/my_robot_description.pc'
[0.559s] Level 1:colcon.colcon_core.environment:checking '/home/pi/ros2_ws/install/my_robot_description/lib/python3.12/site-packages'
[0.559s] Level 1:colcon.colcon_core.environment:checking '/home/pi/ros2_ws/install/my_robot_description/bin'
[0.560s] INFO:colcon.colcon_core.shell:Creating package script '/home/pi/ros2_ws/install/my_robot_description/share/my_robot_description/package.ps1'
[0.561s] INFO:colcon.colcon_core.shell:Creating package descriptor '/home/pi/ros2_ws/install/my_robot_description/share/my_robot_description/package.dsv'
[0.561s] INFO:colcon.colcon_core.shell:Creating package script '/home/pi/ros2_ws/install/my_robot_description/share/my_robot_description/package.sh'
[0.562s] INFO:colcon.colcon_core.shell:Creating package script '/home/pi/ros2_ws/install/my_robot_description/share/my_robot_description/package.bash'
[0.564s] INFO:colcon.colcon_core.shell:Creating package script '/home/pi/ros2_ws/install/my_robot_description/share/my_robot_description/package.zsh'
[0.565s] Level 1:colcon.colcon_core.environment:create_file_with_runtime_dependencies(/home/pi/ros2_ws/install/my_robot_description/share/colcon-core/packages/my_robot_description)
[0.570s] Level 1:colcon.colcon_core.environment:create_environment_scripts_only(my_robot_description)
[0.570s] Level 1:colcon.colcon_core.environment:checking '/home/pi/ros2_ws/install/my_robot_description' for CMake module files
[0.571s] Level 1:colcon.colcon_core.environment:checking '/home/pi/ros2_ws/install/my_robot_description' for CMake config files
[0.571s] Level 1:colcon.colcon_core.shell:create_environment_hook('my_robot_description', 'cmake_prefix_path')
[0.571s] INFO:colcon.colcon_core.shell:Creating environment hook '/home/pi/ros2_ws/install/my_robot_description/share/my_robot_description/hook/cmake_prefix_path.ps1'
[0.572s] INFO:colcon.colcon_core.shell:Creating environment descriptor '/home/pi/ros2_ws/install/my_robot_description/share/my_robot_description/hook/cmake_prefix_path.dsv'
[0.573s] INFO:colcon.colcon_core.shell:Creating environment hook '/home/pi/ros2_ws/install/my_robot_description/share/my_robot_description/hook/cmake_prefix_path.sh'
[0.574s] Level 1:colcon.colcon_core.environment:checking '/home/pi/ros2_ws/install/my_robot_description/bin'
[0.574s] Level 1:colcon.colcon_core.environment:checking '/home/pi/ros2_ws/install/my_robot_description/lib/pkgconfig/my_robot_description.pc'
[0.575s] Level 1:colcon.colcon_core.environment:checking '/home/pi/ros2_ws/install/my_robot_description/lib/python3.12/site-packages'
[0.575s] Level 1:colcon.colcon_core.environment:checking '/home/pi/ros2_ws/install/my_robot_description/bin'
[0.575s] INFO:colcon.colcon_core.shell:Creating package script '/home/pi/ros2_ws/install/my_robot_description/share/my_robot_description/package.ps1'
[0.575s] INFO:colcon.colcon_core.shell:Creating package descriptor '/home/pi/ros2_ws/install/my_robot_description/share/my_robot_description/package.dsv'
[0.576s] INFO:colcon.colcon_core.shell:Creating package script '/home/pi/ros2_ws/install/my_robot_description/share/my_robot_description/package.sh'
[0.577s] INFO:colcon.colcon_core.shell:Creating package script '/home/pi/ros2_ws/install/my_robot_description/share/my_robot_description/package.bash'
[0.578s] INFO:colcon.colcon_core.shell:Creating package script '/home/pi/ros2_ws/install/my_robot_description/share/my_robot_description/package.zsh'
[0.579s] Level 1:colcon.colcon_core.environment:create_file_with_runtime_dependencies(/home/pi/ros2_ws/install/my_robot_description/share/colcon-core/packages/my_robot_description)
[0.581s] INFO:colcon.colcon_ros.task.ament_cmake.build:Building ROS package in '/home/pi/ros2_ws/src/my_robot_bringup' with build type 'ament_cmake'
[0.581s] INFO:colcon.colcon_cmake.task.cmake.build:Building CMake package in '/home/pi/ros2_ws/src/my_robot_bringup'
[0.582s] INFO:colcon.colcon_core.shell:Skip shell extension 'powershell' for command environment: Not usable outside of PowerShell
[0.582s] DEBUG:colcon.colcon_core.shell:Skip shell extension 'dsv' for command environment
[0.593s] Level 1:colcon.colcon_core.environment:create_environment_scripts_only(my_robot_hardware)
[0.594s] Level 1:colcon.colcon_core.environment:checking '/home/pi/ros2_ws/install/my_robot_hardware' for CMake module files
[0.595s] Level 1:colcon.colcon_core.environment:checking '/home/pi/ros2_ws/install/my_robot_hardware' for CMake config files
[0.595s] Level 1:colcon.colcon_core.shell:create_environment_hook('my_robot_hardware', 'cmake_prefix_path')
[0.596s] INFO:colcon.colcon_core.shell:Creating environment hook '/home/pi/ros2_ws/install/my_robot_hardware/share/my_robot_hardware/hook/cmake_prefix_path.ps1'
[0.597s] DEBUG:colcon.colcon_core.event_handler.log_command:Invoked command in '/home/pi/ros2_ws/build/my_robot_hardware' returned '0': CMAKE_PREFIX_PATH=${CMAKE_PREFIX_PATH}:/opt/ros/jazzy DEBUGINFOD_URLS=https://debuginfod.ubuntu.com /usr/bin/cmake --install /home/pi/ros2_ws/build/my_robot_hardware
[0.598s] INFO:colcon.colcon_core.shell:Creating environment descriptor '/home/pi/ros2_ws/install/my_robot_hardware/share/my_robot_hardware/hook/cmake_prefix_path.dsv'
[0.599s] INFO:colcon.colcon_core.shell:Creating environment hook '/home/pi/ros2_ws/install/my_robot_hardware/share/my_robot_hardware/hook/cmake_prefix_path.sh'
[0.601s] Level 1:colcon.colcon_core.environment:checking '/home/pi/ros2_ws/install/my_robot_hardware/lib'
[0.601s] Level 1:colcon.colcon_core.shell:create_environment_hook('my_robot_hardware', 'ld_library_path_lib')
[0.601s] INFO:colcon.colcon_core.shell:Creating environment hook '/home/pi/ros2_ws/install/my_robot_hardware/share/my_robot_hardware/hook/ld_library_path_lib.ps1'
[0.602s] INFO:colcon.colcon_core.shell:Creating environment descriptor '/home/pi/ros2_ws/install/my_robot_hardware/share/my_robot_hardware/hook/ld_library_path_lib.dsv'
[0.604s] INFO:colcon.colcon_core.shell:Creating environment hook '/home/pi/ros2_ws/install/my_robot_hardware/share/my_robot_hardware/hook/ld_library_path_lib.sh'
[0.605s] Level 1:colcon.colcon_core.environment:checking '/home/pi/ros2_ws/install/my_robot_hardware/bin'
[0.606s] Level 1:colcon.colcon_core.environment:checking '/home/pi/ros2_ws/install/my_robot_hardware/lib/pkgconfig/my_robot_hardware.pc'
[0.606s] Level 1:colcon.colcon_core.environment:checking '/home/pi/ros2_ws/install/my_robot_hardware/lib/python3.12/site-packages'
[0.607s] Level 1:colcon.colcon_core.environment:checking '/home/pi/ros2_ws/install/my_robot_hardware/bin'
[0.608s] INFO:colcon.colcon_core.shell:Creating package script '/home/pi/ros2_ws/install/my_robot_hardware/share/my_robot_hardware/package.ps1'
[0.610s] INFO:colcon.colcon_core.shell:Creating package descriptor '/home/pi/ros2_ws/install/my_robot_hardware/share/my_robot_hardware/package.dsv'
[0.612s] INFO:colcon.colcon_core.shell:Creating package script '/home/pi/ros2_ws/install/my_robot_hardware/share/my_robot_hardware/package.sh'
[0.613s] INFO:colcon.colcon_core.shell:Creating package script '/home/pi/ros2_ws/install/my_robot_hardware/share/my_robot_hardware/package.bash'
[0.614s] INFO:colcon.colcon_core.shell:Creating package script '/home/pi/ros2_ws/install/my_robot_hardware/share/my_robot_hardware/package.zsh'
[0.616s] Level 1:colcon.colcon_core.environment:create_file_with_runtime_dependencies(/home/pi/ros2_ws/install/my_robot_hardware/share/colcon-core/packages/my_robot_hardware)
[0.618s] Level 1:colcon.colcon_core.environment:create_environment_scripts_only(my_robot_hardware)
[0.619s] Level 1:colcon.colcon_core.environment:checking '/home/pi/ros2_ws/install/my_robot_hardware' for CMake module files
[0.619s] Level 1:colcon.colcon_core.environment:checking '/home/pi/ros2_ws/install/my_robot_hardware' for CMake config files
[0.620s] Level 1:colcon.colcon_core.shell:create_environment_hook('my_robot_hardware', 'cmake_prefix_path')
[0.620s] INFO:colcon.colcon_core.shell:Creating environment hook '/home/pi/ros2_ws/install/my_robot_hardware/share/my_robot_hardware/hook/cmake_prefix_path.ps1'
[0.621s] INFO:colcon.colcon_core.shell:Creating environment descriptor '/home/pi/ros2_ws/install/my_robot_hardware/share/my_robot_hardware/hook/cmake_prefix_path.dsv'
[0.622s] INFO:colcon.colcon_core.shell:Creating environment hook '/home/pi/ros2_ws/install/my_robot_hardware/share/my_robot_hardware/hook/cmake_prefix_path.sh'
[0.623s] Level 1:colcon.colcon_core.environment:checking '/home/pi/ros2_ws/install/my_robot_hardware/lib'
[0.623s] Level 1:colcon.colcon_core.shell:create_environment_hook('my_robot_hardware', 'ld_library_path_lib')
[0.624s] INFO:colcon.colcon_core.shell:Creating environment hook '/home/pi/ros2_ws/install/my_robot_hardware/share/my_robot_hardware/hook/ld_library_path_lib.ps1'
[0.624s] INFO:colcon.colcon_core.shell:Creating environment descriptor '/home/pi/ros2_ws/install/my_robot_hardware/share/my_robot_hardware/hook/ld_library_path_lib.dsv'
[0.625s] INFO:colcon.colcon_core.shell:Creating environment hook '/home/pi/ros2_ws/install/my_robot_hardware/share/my_robot_hardware/hook/ld_library_path_lib.sh'
[0.626s] Level 1:colcon.colcon_core.environment:checking '/home/pi/ros2_ws/install/my_robot_hardware/bin'
[0.626s] Level 1:colcon.colcon_core.environment:checking '/home/pi/ros2_ws/install/my_robot_hardware/lib/pkgconfig/my_robot_hardware.pc'
[0.626s] Level 1:colcon.colcon_core.environment:checking '/home/pi/ros2_ws/install/my_robot_hardware/lib/python3.12/site-packages'
[0.627s] Level 1:colcon.colcon_core.environment:checking '/home/pi/ros2_ws/install/my_robot_hardware/bin'
[0.627s] INFO:colcon.colcon_core.shell:Creating package script '/home/pi/ros2_ws/install/my_robot_hardware/share/my_robot_hardware/package.ps1'
[0.628s] INFO:colcon.colcon_core.shell:Creating package descriptor '/home/pi/ros2_ws/install/my_robot_hardware/share/my_robot_hardware/package.dsv'
[0.629s] INFO:colcon.colcon_core.shell:Creating package script '/home/pi/ros2_ws/install/my_robot_hardware/share/my_robot_hardware/package.sh'
[0.629s] INFO:colcon.colcon_core.shell:Creating package script '/home/pi/ros2_ws/install/my_robot_hardware/share/my_robot_hardware/package.bash'
[0.631s] INFO:colcon.colcon_core.shell:Creating package script '/home/pi/ros2_ws/install/my_robot_hardware/share/my_robot_hardware/package.zsh'
[0.632s] Level 1:colcon.colcon_core.environment:create_file_with_runtime_dependencies(/home/pi/ros2_ws/install/my_robot_hardware/share/colcon-core/packages/my_robot_hardware)
[0.637s] DEBUG:colcon.colcon_core.event_handler.log_command:Invoking command in '/home/pi/ros2_ws/build/my_robot_bringup': CMAKE_PREFIX_PATH=/home/pi/ros2_ws/install/my_robot_description:/home/pi/ros2_ws/install/my_robot_hardware:/home/pi/ros2_ws/install/my_robot_bringup:/home/pi/rpl_ws/install/rplidar_ros:/opt/ros/jazzy/opt/gz_sim_vendor:/opt/ros/jazzy/opt/gz_sensors_vendor:/opt/ros/jazzy/opt/gz_physics_vendor:/opt/ros/jazzy/opt/sdformat_vendor:/opt/ros/jazzy/opt/gz_gui_vendor:/opt/ros/jazzy/opt/gz_transport_vendor:/opt/ros/jazzy/opt/gz_rendering_vendor:/opt/ros/jazzy/opt/gz_plugin_vendor:/opt/ros/jazzy/opt/gz_fuel_tools_vendor:/opt/ros/jazzy/opt/gz_msgs_vendor:/opt/ros/jazzy/opt/gz_common_vendor:/opt/ros/jazzy/opt/gz_math_vendor:/opt/ros/jazzy/opt/gz_utils_vendor:/opt/ros/jazzy/opt/gz_tools_vendor:/opt/ros/jazzy/opt/gz_ogre_next_vendor:/opt/ros/jazzy/opt/gz_dartsim_vendor:/opt/ros/jazzy/opt/gz_cmake_vendor:/opt/ros/jazzy DEBUGINFOD_URLS=https://debuginfod.ubuntu.com /usr/bin/cmake --build /home/pi/ros2_ws/build/my_robot_bringup -- -j4 -l4
[0.705s] DEBUG:colcon.colcon_core.event_handler.log_command:Invoked command in '/home/pi/ros2_ws/build/my_robot_bringup' returned '0': CMAKE_PREFIX_PATH=/home/pi/ros2_ws/install/my_robot_description:/home/pi/ros2_ws/install/my_robot_hardware:/home/pi/ros2_ws/install/my_robot_bringup:/home/pi/rpl_ws/install/rplidar_ros:/opt/ros/jazzy/opt/gz_sim_vendor:/opt/ros/jazzy/opt/gz_sensors_vendor:/opt/ros/jazzy/opt/gz_physics_vendor:/opt/ros/jazzy/opt/sdformat_vendor:/opt/ros/jazzy/opt/gz_gui_vendor:/opt/ros/jazzy/opt/gz_transport_vendor:/opt/ros/jazzy/opt/gz_rendering_vendor:/opt/ros/jazzy/opt/gz_plugin_vendor:/opt/ros/jazzy/opt/gz_fuel_tools_vendor:/opt/ros/jazzy/opt/gz_msgs_vendor:/opt/ros/jazzy/opt/gz_common_vendor:/opt/ros/jazzy/opt/gz_math_vendor:/opt/ros/jazzy/opt/gz_utils_vendor:/opt/ros/jazzy/opt/gz_tools_vendor:/opt/ros/jazzy/opt/gz_ogre_next_vendor:/opt/ros/jazzy/opt/gz_dartsim_vendor:/opt/ros/jazzy/opt/gz_cmake_vendor:/opt/ros/jazzy DEBUGINFOD_URLS=https://debuginfod.ubuntu.com /usr/bin/cmake --build /home/pi/ros2_ws/build/my_robot_bringup -- -j4 -l4
[0.706s] DEBUG:colcon.colcon_core.event_handler.log_command:Invoking command in '/home/pi/ros2_ws/build/my_robot_bringup': CMAKE_PREFIX_PATH=/home/pi/ros2_ws/install/my_robot_description:/home/pi/ros2_ws/install/my_robot_hardware:/home/pi/ros2_ws/install/my_robot_bringup:/home/pi/rpl_ws/install/rplidar_ros:/opt/ros/jazzy/opt/gz_sim_vendor:/opt/ros/jazzy/opt/gz_sensors_vendor:/opt/ros/jazzy/opt/gz_physics_vendor:/opt/ros/jazzy/opt/sdformat_vendor:/opt/ros/jazzy/opt/gz_gui_vendor:/opt/ros/jazzy/opt/gz_transport_vendor:/opt/ros/jazzy/opt/gz_rendering_vendor:/opt/ros/jazzy/opt/gz_plugin_vendor:/opt/ros/jazzy/opt/gz_fuel_tools_vendor:/opt/ros/jazzy/opt/gz_msgs_vendor:/opt/ros/jazzy/opt/gz_common_vendor:/opt/ros/jazzy/opt/gz_math_vendor:/opt/ros/jazzy/opt/gz_utils_vendor:/opt/ros/jazzy/opt/gz_tools_vendor:/opt/ros/jazzy/opt/gz_ogre_next_vendor:/opt/ros/jazzy/opt/gz_dartsim_vendor:/opt/ros/jazzy/opt/gz_cmake_vendor:/opt/ros/jazzy DEBUGINFOD_URLS=https://debuginfod.ubuntu.com /usr/bin/cmake --install /home/pi/ros2_ws/build/my_robot_bringup
[0.750s] Level 1:colcon.colcon_core.environment:create_environment_scripts_only(my_robot_bringup)
[0.751s] Level 1:colcon.colcon_core.environment:checking '/home/pi/ros2_ws/install/my_robot_bringup' for CMake module files
[0.751s] DEBUG:colcon.colcon_core.event_handler.log_command:Invoked command in '/home/pi/ros2_ws/build/my_robot_bringup' returned '0': CMAKE_PREFIX_PATH=/home/pi/ros2_ws/install/my_robot_description:/home/pi/ros2_ws/install/my_robot_hardware:/home/pi/ros2_ws/install/my_robot_bringup:/home/pi/rpl_ws/install/rplidar_ros:/opt/ros/jazzy/opt/gz_sim_vendor:/opt/ros/jazzy/opt/gz_sensors_vendor:/opt/ros/jazzy/opt/gz_physics_vendor:/opt/ros/jazzy/opt/sdformat_vendor:/opt/ros/jazzy/opt/gz_gui_vendor:/opt/ros/jazzy/opt/gz_transport_vendor:/opt/ros/jazzy/opt/gz_rendering_vendor:/opt/ros/jazzy/opt/gz_plugin_vendor:/opt/ros/jazzy/opt/gz_fuel_tools_vendor:/opt/ros/jazzy/opt/gz_msgs_vendor:/opt/ros/jazzy/opt/gz_common_vendor:/opt/ros/jazzy/opt/gz_math_vendor:/opt/ros/jazzy/opt/gz_utils_vendor:/opt/ros/jazzy/opt/gz_tools_vendor:/opt/ros/jazzy/opt/gz_ogre_next_vendor:/opt/ros/jazzy/opt/gz_dartsim_vendor:/opt/ros/jazzy/opt/gz_cmake_vendor:/opt/ros/jazzy DEBUGINFOD_URLS=https://debuginfod.ubuntu.com /usr/bin/cmake --install /home/pi/ros2_ws/build/my_robot_bringup
[0.752s] Level 1:colcon.colcon_core.environment:checking '/home/pi/ros2_ws/install/my_robot_bringup' for CMake config files
[0.752s] Level 1:colcon.colcon_core.shell:create_environment_hook('my_robot_bringup', 'cmake_prefix_path')
[0.753s] INFO:colcon.colcon_core.shell:Creating environment hook '/home/pi/ros2_ws/install/my_robot_bringup/share/my_robot_bringup/hook/cmake_prefix_path.ps1'
[0.754s] INFO:colcon.colcon_core.shell:Creating environment descriptor '/home/pi/ros2_ws/install/my_robot_bringup/share/my_robot_bringup/hook/cmake_prefix_path.dsv'
[0.755s] INFO:colcon.colcon_core.shell:Creating environment hook '/home/pi/ros2_ws/install/my_robot_bringup/share/my_robot_bringup/hook/cmake_prefix_path.sh'
[0.757s] Level 1:colcon.colcon_core.environment:checking '/home/pi/ros2_ws/install/my_robot_bringup/bin'
[0.757s] Level 1:colcon.colcon_core.environment:checking '/home/pi/ros2_ws/install/my_robot_bringup/lib/pkgconfig/my_robot_bringup.pc'
[0.757s] Level 1:colcon.colcon_core.environment:checking '/home/pi/ros2_ws/install/my_robot_bringup/lib/python3.12/site-packages'
[0.757s] Level 1:colcon.colcon_core.environment:checking '/home/pi/ros2_ws/install/my_robot_bringup/bin'
[0.758s] INFO:colcon.colcon_core.shell:Creating package script '/home/pi/ros2_ws/install/my_robot_bringup/share/my_robot_bringup/package.ps1'
[0.758s] INFO:colcon.colcon_core.shell:Creating package descriptor '/home/pi/ros2_ws/install/my_robot_bringup/share/my_robot_bringup/package.dsv'
[0.759s] INFO:colcon.colcon_core.shell:Creating package script '/home/pi/ros2_ws/install/my_robot_bringup/share/my_robot_bringup/package.sh'
[0.760s] INFO:colcon.colcon_core.shell:Creating package script '/home/pi/ros2_ws/install/my_robot_bringup/share/my_robot_bringup/package.bash'
[0.761s] INFO:colcon.colcon_core.shell:Creating package script '/home/pi/ros2_ws/install/my_robot_bringup/share/my_robot_bringup/package.zsh'
[0.763s] Level 1:colcon.colcon_core.environment:create_file_with_runtime_dependencies(/home/pi/ros2_ws/install/my_robot_bringup/share/colcon-core/packages/my_robot_bringup)
[0.765s] Level 1:colcon.colcon_core.environment:create_environment_scripts_only(my_robot_bringup)
[0.765s] Level 1:colcon.colcon_core.environment:checking '/home/pi/ros2_ws/install/my_robot_bringup' for CMake module files
[0.766s] Level 1:colcon.colcon_core.environment:checking '/home/pi/ros2_ws/install/my_robot_bringup' for CMake config files
[0.766s] Level 1:colcon.colcon_core.shell:create_environment_hook('my_robot_bringup', 'cmake_prefix_path')
[0.766s] INFO:colcon.colcon_core.shell:Creating environment hook '/home/pi/ros2_ws/install/my_robot_bringup/share/my_robot_bringup/hook/cmake_prefix_path.ps1'
[0.768s] INFO:colcon.colcon_core.shell:Creating environment descriptor '/home/pi/ros2_ws/install/my_robot_bringup/share/my_robot_bringup/hook/cmake_prefix_path.dsv'
[0.769s] INFO:colcon.colcon_core.shell:Creating environment hook '/home/pi/ros2_ws/install/my_robot_bringup/share/my_robot_bringup/hook/cmake_prefix_path.sh'
[0.770s] Level 1:colcon.colcon_core.environment:checking '/home/pi/ros2_ws/install/my_robot_bringup/bin'
[0.770s] Level 1:colcon.colcon_core.environment:checking '/home/pi/ros2_ws/install/my_robot_bringup/lib/pkgconfig/my_robot_bringup.pc'
[0.770s] Level 1:colcon.colcon_core.environment:checking '/home/pi/ros2_ws/install/my_robot_bringup/lib/python3.12/site-packages'
[0.771s] Level 1:colcon.colcon_core.environment:checking '/home/pi/ros2_ws/install/my_robot_bringup/bin'
[0.771s] INFO:colcon.colcon_core.shell:Creating package script '/home/pi/ros2_ws/install/my_robot_bringup/share/my_robot_bringup/package.ps1'
[0.771s] INFO:colcon.colcon_core.shell:Creating package descriptor '/home/pi/ros2_ws/install/my_robot_bringup/share/my_robot_bringup/package.dsv'
[0.772s] INFO:colcon.colcon_core.shell:Creating package script '/home/pi/ros2_ws/install/my_robot_bringup/share/my_robot_bringup/package.sh'
[0.773s] INFO:colcon.colcon_core.shell:Creating package script '/home/pi/ros2_ws/install/my_robot_bringup/share/my_robot_bringup/package.bash'
[0.774s] INFO:colcon.colcon_core.shell:Creating package script '/home/pi/ros2_ws/install/my_robot_bringup/share/my_robot_bringup/package.zsh'
[0.774s] Level 1:colcon.colcon_core.environment:create_file_with_runtime_dependencies(/home/pi/ros2_ws/install/my_robot_bringup/share/colcon-core/packages/my_robot_bringup)
[0.775s] DEBUG:colcon.colcon_parallel_executor.executor.parallel:closing loop
[0.776s] DEBUG:colcon.colcon_parallel_executor.executor.parallel:loop closed
[0.776s] DEBUG:colcon.colcon_parallel_executor.executor.parallel:run_until_complete finished with '0'
[0.776s] DEBUG:colcon.colcon_core.event_reactor:joining thread
[0.783s] INFO:colcon.colcon_core.plugin_system:Skipping extension 'colcon_notification.desktop_notification.terminal_notifier': Not used on non-Darwin systems
[0.784s] INFO:colcon.colcon_core.plugin_system:Skipping extension 'colcon_notification.desktop_notification.win32': Not used on non-Windows systems
[0.784s] INFO:colcon.colcon_notification.desktop_notification:Sending desktop notification using 'notify2'
[0.808s] DEBUG:colcon.colcon_core.event_reactor:joined thread
[0.809s] INFO:colcon.colcon_core.shell:Creating prefix script '/home/pi/ros2_ws/install/local_setup.ps1'
[0.810s] INFO:colcon.colcon_core.shell:Creating prefix util module '/home/pi/ros2_ws/install/_local_setup_util_ps1.py'
[0.811s] INFO:colcon.colcon_core.shell:Creating prefix chain script '/home/pi/ros2_ws/install/setup.ps1'
[0.813s] INFO:colcon.colcon_core.shell:Creating prefix script '/home/pi/ros2_ws/install/local_setup.sh'
[0.814s] INFO:colcon.colcon_core.shell:Creating prefix util module '/home/pi/ros2_ws/install/_local_setup_util_sh.py'
[0.816s] INFO:colcon.colcon_core.shell:Creating prefix chain script '/home/pi/ros2_ws/install/setup.sh'
[0.817s] INFO:colcon.colcon_core.shell:Creating prefix script '/home/pi/ros2_ws/install/local_setup.bash'
[0.819s] INFO:colcon.colcon_core.shell:Creating prefix chain script '/home/pi/ros2_ws/install/setup.bash'
[0.823s] INFO:colcon.colcon_core.shell:Creating prefix script '/home/pi/ros2_ws/install/local_setup.zsh'
[0.825s] INFO:colcon.colcon_core.shell:Creating prefix chain script '/home/pi/ros2_ws/install/setup.zsh'
