[0.025s] Invoking command in '/home/pi/ros2_ws/build/my_robot_description': CMAKE_PREFIX_PATH=${CMAKE_PREFIX_PATH}:/opt/ros/jazzy DEBUGINFOD_URLS=https://debuginfod.ubuntu.com /usr/bin/cmake /home/pi/ros2_ws/src/my_robot_description -DAMENT_CMAKE_SYMLINK_INSTALL=1 -DCMAKE_INSTALL_PREFIX=/home/pi/ros2_ws/install/my_robot_description
[0.056s] -- Found ament_cmake: 2.5.4 (/opt/ros/jazzy/share/ament_cmake/cmake)
[0.492s] -- Override CMake install command with custom implementation using symlinks instead of copying resources
[0.669s] -- Configuring done (0.6s)
[0.678s] -- Generating done (0.0s)
[0.688s] -- Build files have been written to: /home/pi/ros2_ws/build/my_robot_description
[0.692s] Invoked command in '/home/pi/ros2_ws/build/my_robot_description' returned '0': CMAKE_PREFIX_PATH=${CMAKE_PREFIX_PATH}:/opt/ros/jazzy DEBUGINFOD_URLS=https://debuginfod.ubuntu.com /usr/bin/cmake /home/pi/ros2_ws/src/my_robot_description -DAMENT_CMAKE_SYMLINK_INSTALL=1 -DCMAKE_INSTALL_PREFIX=/home/pi/ros2_ws/install/my_robot_description
[0.694s] Invoking command in '/home/pi/ros2_ws/build/my_robot_description': CMAKE_PREFIX_PATH=${CMAKE_PREFIX_PATH}:/opt/ros/jazzy DEBUGINFOD_URLS=https://debuginfod.ubuntu.com /usr/bin/cmake --build /home/pi/ros2_ws/build/my_robot_description -- -j4 -l4
[0.768s] Invoked command in '/home/pi/ros2_ws/build/my_robot_description' returned '0': CMAKE_PREFIX_PATH=${CMAKE_PREFIX_PATH}:/opt/ros/jazzy DEBUGINFOD_URLS=https://debuginfod.ubuntu.com /usr/bin/cmake --build /home/pi/ros2_ws/build/my_robot_description -- -j4 -l4
[0.787s] Invoking command in '/home/pi/ros2_ws/build/my_robot_description': CMAKE_PREFIX_PATH=${CMAKE_PREFIX_PATH}:/opt/ros/jazzy DEBUGINFOD_URLS=https://debuginfod.ubuntu.com /usr/bin/cmake --install /home/pi/ros2_ws/build/my_robot_description
[0.800s] -- Install configuration: ""
[0.801s] -- Execute custom install script
[0.801s] -- Up-to-date symlink: /home/pi/ros2_ws/install/my_robot_description/share/my_robot_description//urdf/arm.ros2_control.xacro
[0.802s] -- Up-to-date symlink: /home/pi/ros2_ws/install/my_robot_description/share/my_robot_description//urdf/arm.xacro
[0.802s] -- Up-to-date symlink: /home/pi/ros2_ws/install/my_robot_description/share/my_robot_description//urdf/camera.xacro
[0.802s] -- Up-to-date symlink: /home/pi/ros2_ws/install/my_robot_description/share/my_robot_description//urdf/common_properties.xacro
[0.802s] -- Up-to-date symlink: /home/pi/ros2_ws/install/my_robot_description/share/my_robot_description//urdf/lidar.xacro
[0.802s] -- Up-to-date symlink: /home/pi/ros2_ws/install/my_robot_description/share/my_robot_description//urdf/mobile_base.ros2_control.xacro
[0.802s] -- Up-to-date symlink: /home/pi/ros2_ws/install/my_robot_description/share/my_robot_description//urdf/mobile_base.xacro
[0.803s] -- Up-to-date symlink: /home/pi/ros2_ws/install/my_robot_description/share/my_robot_description//urdf/my_robot.urdf.xacro
[0.803s] -- Up-to-date symlink: /home/pi/ros2_ws/install/my_robot_description/share/my_robot_description//urdf/my_robot_gazebo_ros2_control.xacro
[0.806s] -- Up-to-date symlink: /home/pi/ros2_ws/install/my_robot_description/share/my_robot_description//launch/display.launch.py
[0.806s] -- Up-to-date symlink: /home/pi/ros2_ws/install/my_robot_description/share/my_robot_description//launch/display.launch.xml
[0.806s] -- Up-to-date symlink: /home/pi/ros2_ws/install/my_robot_description/share/my_robot_description//rviz/urdf_config.rviz
[0.807s] -- Up-to-date symlink: /home/pi/ros2_ws/install/my_robot_description/share/ament_index/resource_index/package_run_dependencies/my_robot_description
[0.807s] -- Up-to-date symlink: /home/pi/ros2_ws/install/my_robot_description/share/ament_index/resource_index/parent_prefix_path/my_robot_description
[0.807s] -- Up-to-date symlink: /home/pi/ros2_ws/install/my_robot_description/share/my_robot_description/environment/ament_prefix_path.sh
[0.807s] -- Up-to-date symlink: /home/pi/ros2_ws/install/my_robot_description/share/my_robot_description/environment/ament_prefix_path.dsv
[0.807s] -- Up-to-date symlink: /home/pi/ros2_ws/install/my_robot_description/share/my_robot_description/environment/path.sh
[0.807s] -- Up-to-date symlink: /home/pi/ros2_ws/install/my_robot_description/share/my_robot_description/environment/path.dsv
[0.807s] -- Up-to-date symlink: /home/pi/ros2_ws/install/my_robot_description/share/my_robot_description/local_setup.bash
[0.807s] -- Up-to-date symlink: /home/pi/ros2_ws/install/my_robot_description/share/my_robot_description/local_setup.sh
[0.807s] -- Up-to-date symlink: /home/pi/ros2_ws/install/my_robot_description/share/my_robot_description/local_setup.zsh
[0.807s] -- Up-to-date symlink: /home/pi/ros2_ws/install/my_robot_description/share/my_robot_description/local_setup.dsv
[0.810s] -- Symlinking: /home/pi/ros2_ws/install/my_robot_description/share/my_robot_description/package.dsv
[0.829s] -- Up-to-date symlink: /home/pi/ros2_ws/install/my_robot_description/share/ament_index/resource_index/packages/my_robot_description
[0.829s] -- Up-to-date symlink: /home/pi/ros2_ws/install/my_robot_description/share/my_robot_description/cmake/my_robot_descriptionConfig.cmake
[0.830s] -- Up-to-date symlink: /home/pi/ros2_ws/install/my_robot_description/share/my_robot_description/cmake/my_robot_descriptionConfig-version.cmake
[0.830s] -- Up-to-date symlink: /home/pi/ros2_ws/install/my_robot_description/share/my_robot_description/package.xml
[0.833s] Invoked command in '/home/pi/ros2_ws/build/my_robot_description' returned '0': CMAKE_PREFIX_PATH=${CMAKE_PREFIX_PATH}:/opt/ros/jazzy DEBUGINFOD_URLS=https://debuginfod.ubuntu.com /usr/bin/cmake --install /home/pi/ros2_ws/build/my_robot_description
