[0.314s] DEBUG:colcon:Command line arguments: ['/usr/bin/colcon', 'build', '--symlink-install']
[0.314s] DEBUG:colcon:Parsed command line arguments: Namespace(log_base=None, log_level=None, verb_name='build', build_base='build', install_base='install', merge_install=False, symlink_install=True, test_result_base=None, continue_on_error=False, executor='parallel', parallel_workers=4, event_handlers=None, ignore_user_meta=False, metas=['./colcon.meta'], base_paths=['.'], packages_ignore=None, packages_ignore_regex=None, paths=None, packages_up_to=None, packages_up_to_regex=None, packages_above=None, packages_above_and_dependencies=None, packages_above_depth=None, packages_select_by_dep=None, packages_skip_by_dep=None, packages_skip_up_to=None, packages_select_build_failed=False, packages_skip_build_finished=False, packages_select_test_failures=False, packages_skip_test_passed=False, packages_select=None, packages_skip=None, packages_select_regex=None, packages_skip_regex=None, packages_start=None, packages_end=None, allow_overriding=[], cmake_args=None, cmake_target=None, cmake_target_skip_unavailable=False, cmake_clean_cache=False, cmake_clean_first=False, cmake_force_configure=False, ament_cmake_args=None, catkin_cmake_args=None, catkin_skip_building_tests=False, mixin_files=None, mixin=None, verb_parser=<colcon_mixin.mixin.mixin_argument.MixinArgumentDecorator object at 0xffffa4469820>, verb_extension=<colcon_core.verb.build.BuildVerb object at 0xffffa4615f40>, main=<bound method BuildVerb.main of <colcon_core.verb.build.BuildVerb object at 0xffffa4615f40>>, mixin_verb=('build',))
[0.427s] Level 1:colcon.colcon_core.package_discovery:discover_packages(colcon_meta) check parameters
[0.427s] Level 1:colcon.colcon_core.package_discovery:discover_packages(recursive) check parameters
[0.427s] Level 1:colcon.colcon_core.package_discovery:discover_packages(ignore) check parameters
[0.427s] Level 1:colcon.colcon_core.package_discovery:discover_packages(path) check parameters
[0.427s] Level 1:colcon.colcon_core.package_discovery:discover_packages(colcon_meta) discover
[0.427s] Level 1:colcon.colcon_core.package_discovery:discover_packages(recursive) discover
[0.427s] INFO:colcon.colcon_core.package_discovery:Crawling recursively for packages in '/home/pi/ros2_ws'
[0.427s] Level 1:colcon.colcon_core.package_identification:_identify(.) by extensions ['ignore', 'ignore_ament_install']
[0.427s] Level 1:colcon.colcon_core.package_identification:_identify(.) by extension 'ignore'
[0.427s] Level 1:colcon.colcon_core.package_identification:_identify(.) by extension 'ignore_ament_install'
[0.428s] Level 1:colcon.colcon_core.package_identification:_identify(.) by extensions ['colcon_pkg']
[0.428s] Level 1:colcon.colcon_core.package_identification:_identify(.) by extension 'colcon_pkg'
[0.428s] Level 1:colcon.colcon_core.package_identification:_identify(.) by extensions ['colcon_meta']
[0.428s] Level 1:colcon.colcon_core.package_identification:_identify(.) by extension 'colcon_meta'
[0.428s] Level 1:colcon.colcon_core.package_identification:_identify(.) by extensions ['ros']
[0.428s] Level 1:colcon.colcon_core.package_identification:_identify(.) by extension 'ros'
[0.489s] Level 1:colcon.colcon_core.package_identification:_identify(.) by extensions ['cmake', 'python']
[0.489s] Level 1:colcon.colcon_core.package_identification:_identify(.) by extension 'cmake'
[0.489s] Level 1:colcon.colcon_core.package_identification:_identify(.) by extension 'python'
[0.489s] Level 1:colcon.colcon_core.package_identification:_identify(.) by extensions ['python_setup_py']
[0.489s] Level 1:colcon.colcon_core.package_identification:_identify(.) by extension 'python_setup_py'
[0.489s] Level 1:colcon.colcon_core.package_identification:_identify(build) by extensions ['ignore', 'ignore_ament_install']
[0.489s] Level 1:colcon.colcon_core.package_identification:_identify(build) by extension 'ignore'
[0.489s] Level 1:colcon.colcon_core.package_identification:_identify(build) ignored
[0.489s] Level 1:colcon.colcon_core.package_identification:_identify(install) by extensions ['ignore', 'ignore_ament_install']
[0.489s] Level 1:colcon.colcon_core.package_identification:_identify(install) by extension 'ignore'
[0.489s] Level 1:colcon.colcon_core.package_identification:_identify(install) ignored
[0.490s] Level 1:colcon.colcon_core.package_identification:_identify(log) by extensions ['ignore', 'ignore_ament_install']
[0.490s] Level 1:colcon.colcon_core.package_identification:_identify(log) by extension 'ignore'
[0.490s] Level 1:colcon.colcon_core.package_identification:_identify(log) ignored
[0.490s] Level 1:colcon.colcon_core.package_identification:_identify(src) by extensions ['ignore', 'ignore_ament_install']
[0.490s] Level 1:colcon.colcon_core.package_identification:_identify(src) by extension 'ignore'
[0.490s] Level 1:colcon.colcon_core.package_identification:_identify(src) by extension 'ignore_ament_install'
[0.490s] Level 1:colcon.colcon_core.package_identification:_identify(src) by extensions ['colcon_pkg']
[0.490s] Level 1:colcon.colcon_core.package_identification:_identify(src) by extension 'colcon_pkg'
[0.490s] Level 1:colcon.colcon_core.package_identification:_identify(src) by extensions ['colcon_meta']
[0.490s] Level 1:colcon.colcon_core.package_identification:_identify(src) by extension 'colcon_meta'
[0.490s] Level 1:colcon.colcon_core.package_identification:_identify(src) by extensions ['ros']
[0.490s] Level 1:colcon.colcon_core.package_identification:_identify(src) by extension 'ros'
[0.491s] Level 1:colcon.colcon_core.package_identification:_identify(src) by extensions ['cmake', 'python']
[0.491s] Level 1:colcon.colcon_core.package_identification:_identify(src) by extension 'cmake'
[0.491s] Level 1:colcon.colcon_core.package_identification:_identify(src) by extension 'python'
[0.491s] Level 1:colcon.colcon_core.package_identification:_identify(src) by extensions ['python_setup_py']
[0.491s] Level 1:colcon.colcon_core.package_identification:_identify(src) by extension 'python_setup_py'
[0.491s] Level 1:colcon.colcon_core.package_identification:_identify(src/I2C test) by extensions ['ignore', 'ignore_ament_install']
[0.491s] Level 1:colcon.colcon_core.package_identification:_identify(src/I2C test) by extension 'ignore'
[0.491s] Level 1:colcon.colcon_core.package_identification:_identify(src/I2C test) by extension 'ignore_ament_install'
[0.491s] Level 1:colcon.colcon_core.package_identification:_identify(src/I2C test) by extensions ['colcon_pkg']
[0.491s] Level 1:colcon.colcon_core.package_identification:_identify(src/I2C test) by extension 'colcon_pkg'
[0.491s] Level 1:colcon.colcon_core.package_identification:_identify(src/I2C test) by extensions ['colcon_meta']
[0.491s] Level 1:colcon.colcon_core.package_identification:_identify(src/I2C test) by extension 'colcon_meta'
[0.491s] Level 1:colcon.colcon_core.package_identification:_identify(src/I2C test) by extensions ['ros']
[0.491s] Level 1:colcon.colcon_core.package_identification:_identify(src/I2C test) by extension 'ros'
[0.491s] Level 1:colcon.colcon_core.package_identification:_identify(src/I2C test) by extensions ['cmake', 'python']
[0.491s] Level 1:colcon.colcon_core.package_identification:_identify(src/I2C test) by extension 'cmake'
[0.491s] Level 1:colcon.colcon_core.package_identification:_identify(src/I2C test) by extension 'python'
[0.492s] Level 1:colcon.colcon_core.package_identification:_identify(src/I2C test) by extensions ['python_setup_py']
[0.492s] Level 1:colcon.colcon_core.package_identification:_identify(src/I2C test) by extension 'python_setup_py'
[0.492s] Level 1:colcon.colcon_core.package_identification:_identify(src/my_robot_bringup) by extensions ['ignore', 'ignore_ament_install']
[0.492s] Level 1:colcon.colcon_core.package_identification:_identify(src/my_robot_bringup) by extension 'ignore'
[0.492s] Level 1:colcon.colcon_core.package_identification:_identify(src/my_robot_bringup) by extension 'ignore_ament_install'
[0.492s] Level 1:colcon.colcon_core.package_identification:_identify(src/my_robot_bringup) by extensions ['colcon_pkg']
[0.492s] Level 1:colcon.colcon_core.package_identification:_identify(src/my_robot_bringup) by extension 'colcon_pkg'
[0.492s] Level 1:colcon.colcon_core.package_identification:_identify(src/my_robot_bringup) by extensions ['colcon_meta']
[0.492s] Level 1:colcon.colcon_core.package_identification:_identify(src/my_robot_bringup) by extension 'colcon_meta'
[0.492s] Level 1:colcon.colcon_core.package_identification:_identify(src/my_robot_bringup) by extensions ['ros']
[0.492s] Level 1:colcon.colcon_core.package_identification:_identify(src/my_robot_bringup) by extension 'ros'
[0.497s] DEBUG:colcon.colcon_core.package_identification:Package 'src/my_robot_bringup' with type 'ros.ament_cmake' and name 'my_robot_bringup'
[0.497s] Level 1:colcon.colcon_core.package_identification:_identify(src/my_robot_description) by extensions ['ignore', 'ignore_ament_install']
[0.497s] Level 1:colcon.colcon_core.package_identification:_identify(src/my_robot_description) by extension 'ignore'
[0.497s] Level 1:colcon.colcon_core.package_identification:_identify(src/my_robot_description) by extension 'ignore_ament_install'
[0.497s] Level 1:colcon.colcon_core.package_identification:_identify(src/my_robot_description) by extensions ['colcon_pkg']
[0.497s] Level 1:colcon.colcon_core.package_identification:_identify(src/my_robot_description) by extension 'colcon_pkg'
[0.497s] Level 1:colcon.colcon_core.package_identification:_identify(src/my_robot_description) by extensions ['colcon_meta']
[0.498s] Level 1:colcon.colcon_core.package_identification:_identify(src/my_robot_description) by extension 'colcon_meta'
[0.498s] Level 1:colcon.colcon_core.package_identification:_identify(src/my_robot_description) by extensions ['ros']
[0.498s] Level 1:colcon.colcon_core.package_identification:_identify(src/my_robot_description) by extension 'ros'
[0.498s] DEBUG:colcon.colcon_core.package_identification:Package 'src/my_robot_description' with type 'ros.ament_cmake' and name 'my_robot_description'
[0.499s] Level 1:colcon.colcon_core.package_identification:_identify(src/my_robot_hardware) by extensions ['ignore', 'ignore_ament_install']
[0.499s] Level 1:colcon.colcon_core.package_identification:_identify(src/my_robot_hardware) by extension 'ignore'
[0.499s] Level 1:colcon.colcon_core.package_identification:_identify(src/my_robot_hardware) by extension 'ignore_ament_install'
[0.499s] Level 1:colcon.colcon_core.package_identification:_identify(src/my_robot_hardware) by extensions ['colcon_pkg']
[0.499s] Level 1:colcon.colcon_core.package_identification:_identify(src/my_robot_hardware) by extension 'colcon_pkg'
[0.499s] Level 1:colcon.colcon_core.package_identification:_identify(src/my_robot_hardware) by extensions ['colcon_meta']
[0.499s] Level 1:colcon.colcon_core.package_identification:_identify(src/my_robot_hardware) by extension 'colcon_meta'
[0.499s] Level 1:colcon.colcon_core.package_identification:_identify(src/my_robot_hardware) by extensions ['ros']
[0.499s] Level 1:colcon.colcon_core.package_identification:_identify(src/my_robot_hardware) by extension 'ros'
[0.500s] DEBUG:colcon.colcon_core.package_identification:Package 'src/my_robot_hardware' with type 'ros.ament_cmake' and name 'my_robot_hardware'
[0.500s] Level 1:colcon.colcon_core.package_discovery:discover_packages(recursive) using defaults
[0.500s] Level 1:colcon.colcon_core.package_discovery:discover_packages(ignore) discover
[0.500s] Level 1:colcon.colcon_core.package_discovery:discover_packages(ignore) using defaults
[0.500s] Level 1:colcon.colcon_core.package_discovery:discover_packages(path) discover
[0.500s] Level 1:colcon.colcon_core.package_discovery:discover_packages(path) using defaults
[0.541s] Level 1:colcon.colcon_core.package_discovery:discover_packages(prefix_path) check parameters
[0.541s] Level 1:colcon.colcon_core.package_discovery:discover_packages(prefix_path) discover
[0.545s] DEBUG:colcon.colcon_installed_package_information.package_discovery:Found 3 installed packages in /home/pi/ros2_ws/install
[0.546s] DEBUG:colcon.colcon_installed_package_information.package_discovery:Found 1 installed packages in /home/pi/rpl_ws/install
[0.548s] DEBUG:colcon.colcon_installed_package_information.package_discovery:Found 347 installed packages in /opt/ros/jazzy
[0.550s] Level 1:colcon.colcon_core.package_discovery:discover_packages(prefix_path) using defaults
[0.624s] Level 5:colcon.colcon_core.verb:set package 'my_robot_description' build argument 'cmake_args' from command line to 'None'
[0.624s] Level 5:colcon.colcon_core.verb:set package 'my_robot_description' build argument 'cmake_target' from command line to 'None'
[0.624s] Level 5:colcon.colcon_core.verb:set package 'my_robot_description' build argument 'cmake_target_skip_unavailable' from command line to 'False'
[0.624s] Level 5:colcon.colcon_core.verb:set package 'my_robot_description' build argument 'cmake_clean_cache' from command line to 'False'
[0.624s] Level 5:colcon.colcon_core.verb:set package 'my_robot_description' build argument 'cmake_clean_first' from command line to 'False'
[0.624s] Level 5:colcon.colcon_core.verb:set package 'my_robot_description' build argument 'cmake_force_configure' from command line to 'False'
[0.624s] Level 5:colcon.colcon_core.verb:set package 'my_robot_description' build argument 'ament_cmake_args' from command line to 'None'
[0.624s] Level 5:colcon.colcon_core.verb:set package 'my_robot_description' build argument 'catkin_cmake_args' from command line to 'None'
[0.624s] Level 5:colcon.colcon_core.verb:set package 'my_robot_description' build argument 'catkin_skip_building_tests' from command line to 'False'
[0.624s] DEBUG:colcon.colcon_core.verb:Building package 'my_robot_description' with the following arguments: {'ament_cmake_args': None, 'build_base': '/home/pi/ros2_ws/build/my_robot_description', 'catkin_cmake_args': None, 'catkin_skip_building_tests': False, 'cmake_args': None, 'cmake_clean_cache': False, 'cmake_clean_first': False, 'cmake_force_configure': False, 'cmake_target': None, 'cmake_target_skip_unavailable': False, 'install_base': '/home/pi/ros2_ws/install/my_robot_description', 'merge_install': False, 'path': '/home/pi/ros2_ws/src/my_robot_description', 'symlink_install': True, 'test_result_base': None}
[0.625s] Level 5:colcon.colcon_core.verb:set package 'my_robot_hardware' build argument 'cmake_args' from command line to 'None'
[0.625s] Level 5:colcon.colcon_core.verb:set package 'my_robot_hardware' build argument 'cmake_target' from command line to 'None'
[0.625s] Level 5:colcon.colcon_core.verb:set package 'my_robot_hardware' build argument 'cmake_target_skip_unavailable' from command line to 'False'
[0.625s] Level 5:colcon.colcon_core.verb:set package 'my_robot_hardware' build argument 'cmake_clean_cache' from command line to 'False'
[0.625s] Level 5:colcon.colcon_core.verb:set package 'my_robot_hardware' build argument 'cmake_clean_first' from command line to 'False'
[0.625s] Level 5:colcon.colcon_core.verb:set package 'my_robot_hardware' build argument 'cmake_force_configure' from command line to 'False'
[0.625s] Level 5:colcon.colcon_core.verb:set package 'my_robot_hardware' build argument 'ament_cmake_args' from command line to 'None'
[0.625s] Level 5:colcon.colcon_core.verb:set package 'my_robot_hardware' build argument 'catkin_cmake_args' from command line to 'None'
[0.625s] Level 5:colcon.colcon_core.verb:set package 'my_robot_hardware' build argument 'catkin_skip_building_tests' from command line to 'False'
[0.625s] DEBUG:colcon.colcon_core.verb:Building package 'my_robot_hardware' with the following arguments: {'ament_cmake_args': None, 'build_base': '/home/pi/ros2_ws/build/my_robot_hardware', 'catkin_cmake_args': None, 'catkin_skip_building_tests': False, 'cmake_args': None, 'cmake_clean_cache': False, 'cmake_clean_first': False, 'cmake_force_configure': False, 'cmake_target': None, 'cmake_target_skip_unavailable': False, 'install_base': '/home/pi/ros2_ws/install/my_robot_hardware', 'merge_install': False, 'path': '/home/pi/ros2_ws/src/my_robot_hardware', 'symlink_install': True, 'test_result_base': None}
[0.625s] Level 5:colcon.colcon_core.verb:set package 'my_robot_bringup' build argument 'cmake_args' from command line to 'None'
[0.625s] Level 5:colcon.colcon_core.verb:set package 'my_robot_bringup' build argument 'cmake_target' from command line to 'None'
[0.625s] Level 5:colcon.colcon_core.verb:set package 'my_robot_bringup' build argument 'cmake_target_skip_unavailable' from command line to 'False'
[0.625s] Level 5:colcon.colcon_core.verb:set package 'my_robot_bringup' build argument 'cmake_clean_cache' from command line to 'False'
[0.625s] Level 5:colcon.colcon_core.verb:set package 'my_robot_bringup' build argument 'cmake_clean_first' from command line to 'False'
[0.625s] Level 5:colcon.colcon_core.verb:set package 'my_robot_bringup' build argument 'cmake_force_configure' from command line to 'False'
[0.625s] Level 5:colcon.colcon_core.verb:set package 'my_robot_bringup' build argument 'ament_cmake_args' from command line to 'None'
[0.625s] Level 5:colcon.colcon_core.verb:set package 'my_robot_bringup' build argument 'catkin_cmake_args' from command line to 'None'
[0.625s] Level 5:colcon.colcon_core.verb:set package 'my_robot_bringup' build argument 'catkin_skip_building_tests' from command line to 'False'
[0.625s] DEBUG:colcon.colcon_core.verb:Building package 'my_robot_bringup' with the following arguments: {'ament_cmake_args': None, 'build_base': '/home/pi/ros2_ws/build/my_robot_bringup', 'catkin_cmake_args': None, 'catkin_skip_building_tests': False, 'cmake_args': None, 'cmake_clean_cache': False, 'cmake_clean_first': False, 'cmake_force_configure': False, 'cmake_target': None, 'cmake_target_skip_unavailable': False, 'install_base': '/home/pi/ros2_ws/install/my_robot_bringup', 'merge_install': False, 'path': '/home/pi/ros2_ws/src/my_robot_bringup', 'symlink_install': True, 'test_result_base': None}
[0.626s] INFO:colcon.colcon_core.executor:Executing jobs using 'parallel' executor
[0.627s] DEBUG:colcon.colcon_parallel_executor.executor.parallel:run_until_complete
[0.627s] INFO:colcon.colcon_ros.task.ament_cmake.build:Building ROS package in '/home/pi/ros2_ws/src/my_robot_description' with build type 'ament_cmake'
[0.627s] INFO:colcon.colcon_cmake.task.cmake.build:Building CMake package in '/home/pi/ros2_ws/src/my_robot_description'
[0.636s] INFO:colcon.colcon_core.plugin_system:Skipping extension 'colcon_core.shell.bat': Not used on non-Windows systems
[0.637s] INFO:colcon.colcon_core.shell:Skip shell extension 'powershell' for command environment: Not usable outside of PowerShell
[0.637s] DEBUG:colcon.colcon_core.shell:Skip shell extension 'dsv' for command environment
[0.644s] INFO:colcon.colcon_ros.task.ament_cmake.build:Building ROS package in '/home/pi/ros2_ws/src/my_robot_hardware' with build type 'ament_cmake'
[0.644s] INFO:colcon.colcon_cmake.task.cmake.build:Building CMake package in '/home/pi/ros2_ws/src/my_robot_hardware'
[0.644s] INFO:colcon.colcon_core.shell:Skip shell extension 'powershell' for command environment: Not usable outside of PowerShell
[0.644s] DEBUG:colcon.colcon_core.shell:Skip shell extension 'dsv' for command environment
[0.657s] DEBUG:colcon.colcon_core.event_handler.log_command:Invoking command in '/home/pi/ros2_ws/build/my_robot_description': CMAKE_PREFIX_PATH=${CMAKE_PREFIX_PATH}:/opt/ros/jazzy DEBUGINFOD_URLS=https://debuginfod.ubuntu.com /usr/bin/cmake --build /home/pi/ros2_ws/build/my_robot_description -- -j4 -l4
[0.675s] DEBUG:colcon.colcon_core.event_handler.log_command:Invoking command in '/home/pi/ros2_ws/build/my_robot_hardware': CMAKE_PREFIX_PATH=${CMAKE_PREFIX_PATH}:/opt/ros/jazzy DEBUGINFOD_URLS=https://debuginfod.ubuntu.com /usr/bin/cmake --build /home/pi/ros2_ws/build/my_robot_hardware -- -j4 -l4
[0.891s] DEBUG:colcon.colcon_core.event_handler.log_command:Invoked command in '/home/pi/ros2_ws/build/my_robot_description' returned '0': CMAKE_PREFIX_PATH=${CMAKE_PREFIX_PATH}:/opt/ros/jazzy DEBUGINFOD_URLS=https://debuginfod.ubuntu.com /usr/bin/cmake --build /home/pi/ros2_ws/build/my_robot_description -- -j4 -l4
[0.915s] DEBUG:colcon.colcon_core.event_handler.log_command:Invoking command in '/home/pi/ros2_ws/build/my_robot_description': CMAKE_PREFIX_PATH=${CMAKE_PREFIX_PATH}:/opt/ros/jazzy DEBUGINFOD_URLS=https://debuginfod.ubuntu.com /usr/bin/cmake --install /home/pi/ros2_ws/build/my_robot_description
[0.968s] Level 1:colcon.colcon_core.environment:create_environment_scripts_only(my_robot_description)
[0.969s] DEBUG:colcon.colcon_core.event_handler.log_command:Invoked command in '/home/pi/ros2_ws/build/my_robot_description' returned '0': CMAKE_PREFIX_PATH=${CMAKE_PREFIX_PATH}:/opt/ros/jazzy DEBUGINFOD_URLS=https://debuginfod.ubuntu.com /usr/bin/cmake --install /home/pi/ros2_ws/build/my_robot_description
[0.981s] Level 1:colcon.colcon_core.environment:checking '/home/pi/ros2_ws/install/my_robot_description' for CMake module files
[0.981s] Level 1:colcon.colcon_core.environment:checking '/home/pi/ros2_ws/install/my_robot_description' for CMake config files
[0.982s] Level 1:colcon.colcon_core.shell:create_environment_hook('my_robot_description', 'cmake_prefix_path')
[0.982s] INFO:colcon.colcon_core.shell:Creating environment hook '/home/pi/ros2_ws/install/my_robot_description/share/my_robot_description/hook/cmake_prefix_path.ps1'
[0.984s] INFO:colcon.colcon_core.shell:Creating environment descriptor '/home/pi/ros2_ws/install/my_robot_description/share/my_robot_description/hook/cmake_prefix_path.dsv'
[0.986s] INFO:colcon.colcon_core.shell:Creating environment hook '/home/pi/ros2_ws/install/my_robot_description/share/my_robot_description/hook/cmake_prefix_path.sh'
[0.988s] Level 1:colcon.colcon_core.environment:checking '/home/pi/ros2_ws/install/my_robot_description/bin'
[0.988s] Level 1:colcon.colcon_core.environment:checking '/home/pi/ros2_ws/install/my_robot_description/lib/pkgconfig/my_robot_description.pc'
[0.989s] Level 1:colcon.colcon_core.environment:checking '/home/pi/ros2_ws/install/my_robot_description/lib/python3.12/site-packages'
[0.989s] Level 1:colcon.colcon_core.environment:checking '/home/pi/ros2_ws/install/my_robot_description/bin'
[0.989s] INFO:colcon.colcon_core.shell:Creating package script '/home/pi/ros2_ws/install/my_robot_description/share/my_robot_description/package.ps1'
[0.990s] INFO:colcon.colcon_core.shell:Creating package descriptor '/home/pi/ros2_ws/install/my_robot_description/share/my_robot_description/package.dsv'
[0.993s] INFO:colcon.colcon_core.shell:Creating package script '/home/pi/ros2_ws/install/my_robot_description/share/my_robot_description/package.sh'
[0.993s] INFO:colcon.colcon_core.shell:Creating package script '/home/pi/ros2_ws/install/my_robot_description/share/my_robot_description/package.bash'
[0.998s] INFO:colcon.colcon_core.shell:Creating package script '/home/pi/ros2_ws/install/my_robot_description/share/my_robot_description/package.zsh'
[1.003s] Level 1:colcon.colcon_core.environment:create_file_with_runtime_dependencies(/home/pi/ros2_ws/install/my_robot_description/share/colcon-core/packages/my_robot_description)
[1.004s] Level 1:colcon.colcon_core.environment:create_environment_scripts_only(my_robot_description)
[1.004s] Level 1:colcon.colcon_core.environment:checking '/home/pi/ros2_ws/install/my_robot_description' for CMake module files
[1.005s] Level 1:colcon.colcon_core.environment:checking '/home/pi/ros2_ws/install/my_robot_description' for CMake config files
[1.005s] Level 1:colcon.colcon_core.shell:create_environment_hook('my_robot_description', 'cmake_prefix_path')
[1.005s] INFO:colcon.colcon_core.shell:Creating environment hook '/home/pi/ros2_ws/install/my_robot_description/share/my_robot_description/hook/cmake_prefix_path.ps1'
[1.005s] INFO:colcon.colcon_core.shell:Creating environment descriptor '/home/pi/ros2_ws/install/my_robot_description/share/my_robot_description/hook/cmake_prefix_path.dsv'
[1.006s] INFO:colcon.colcon_core.shell:Creating environment hook '/home/pi/ros2_ws/install/my_robot_description/share/my_robot_description/hook/cmake_prefix_path.sh'
[1.006s] Level 1:colcon.colcon_core.environment:checking '/home/pi/ros2_ws/install/my_robot_description/bin'
[1.006s] Level 1:colcon.colcon_core.environment:checking '/home/pi/ros2_ws/install/my_robot_description/lib/pkgconfig/my_robot_description.pc'
[1.007s] Level 1:colcon.colcon_core.environment:checking '/home/pi/ros2_ws/install/my_robot_description/lib/python3.12/site-packages'
[1.007s] Level 1:colcon.colcon_core.environment:checking '/home/pi/ros2_ws/install/my_robot_description/bin'
[1.007s] INFO:colcon.colcon_core.shell:Creating package script '/home/pi/ros2_ws/install/my_robot_description/share/my_robot_description/package.ps1'
[1.007s] INFO:colcon.colcon_core.shell:Creating package descriptor '/home/pi/ros2_ws/install/my_robot_description/share/my_robot_description/package.dsv'
[1.008s] INFO:colcon.colcon_core.shell:Creating package script '/home/pi/ros2_ws/install/my_robot_description/share/my_robot_description/package.sh'
[1.008s] INFO:colcon.colcon_core.shell:Creating package script '/home/pi/ros2_ws/install/my_robot_description/share/my_robot_description/package.bash'
[1.009s] INFO:colcon.colcon_core.shell:Creating package script '/home/pi/ros2_ws/install/my_robot_description/share/my_robot_description/package.zsh'
[1.009s] Level 1:colcon.colcon_core.environment:create_file_with_runtime_dependencies(/home/pi/ros2_ws/install/my_robot_description/share/colcon-core/packages/my_robot_description)
[1.009s] INFO:colcon.colcon_ros.task.ament_cmake.build:Building ROS package in '/home/pi/ros2_ws/src/my_robot_bringup' with build type 'ament_cmake'
[1.009s] INFO:colcon.colcon_cmake.task.cmake.build:Building CMake package in '/home/pi/ros2_ws/src/my_robot_bringup'
[1.010s] INFO:colcon.colcon_core.shell:Skip shell extension 'powershell' for command environment: Not usable outside of PowerShell
[1.010s] DEBUG:colcon.colcon_core.shell:Skip shell extension 'dsv' for command environment
[1.027s] DEBUG:colcon.colcon_core.event_handler.log_command:Invoking command in '/home/pi/ros2_ws/build/my_robot_bringup': CMAKE_PREFIX_PATH=/home/pi/ros2_ws/install/my_robot_description:/home/pi/ros2_ws/install/my_robot_hardware:/home/pi/ros2_ws/install/my_robot_bringup:/home/pi/rpl_ws/install/rplidar_ros:/opt/ros/jazzy/opt/sdformat_vendor:/opt/ros/jazzy/opt/gz_math_vendor:/opt/ros/jazzy/opt/gz_utils_vendor:/opt/ros/jazzy/opt/gz_tools_vendor:/opt/ros/jazzy/opt/gz_cmake_vendor:/opt/ros/jazzy DEBUGINFOD_URLS=https://debuginfod.ubuntu.com /usr/bin/cmake --build /home/pi/ros2_ws/build/my_robot_bringup -- -j4 -l4
[1.073s] DEBUG:colcon.colcon_core.event_handler.log_command:Invoked command in '/home/pi/ros2_ws/build/my_robot_hardware' returned '0': CMAKE_PREFIX_PATH=${CMAKE_PREFIX_PATH}:/opt/ros/jazzy DEBUGINFOD_URLS=https://debuginfod.ubuntu.com /usr/bin/cmake --build /home/pi/ros2_ws/build/my_robot_hardware -- -j4 -l4
[1.079s] DEBUG:colcon.colcon_core.event_handler.log_command:Invoking command in '/home/pi/ros2_ws/build/my_robot_hardware': CMAKE_PREFIX_PATH=${CMAKE_PREFIX_PATH}:/opt/ros/jazzy DEBUGINFOD_URLS=https://debuginfod.ubuntu.com /usr/bin/cmake --install /home/pi/ros2_ws/build/my_robot_hardware
[1.097s] DEBUG:colcon.colcon_core.event_handler.log_command:Invoked command in '/home/pi/ros2_ws/build/my_robot_bringup' returned '0': CMAKE_PREFIX_PATH=/home/pi/ros2_ws/install/my_robot_description:/home/pi/ros2_ws/install/my_robot_hardware:/home/pi/ros2_ws/install/my_robot_bringup:/home/pi/rpl_ws/install/rplidar_ros:/opt/ros/jazzy/opt/sdformat_vendor:/opt/ros/jazzy/opt/gz_math_vendor:/opt/ros/jazzy/opt/gz_utils_vendor:/opt/ros/jazzy/opt/gz_tools_vendor:/opt/ros/jazzy/opt/gz_cmake_vendor:/opt/ros/jazzy DEBUGINFOD_URLS=https://debuginfod.ubuntu.com /usr/bin/cmake --build /home/pi/ros2_ws/build/my_robot_bringup -- -j4 -l4
[1.101s] DEBUG:colcon.colcon_core.event_handler.log_command:Invoking command in '/home/pi/ros2_ws/build/my_robot_bringup': CMAKE_PREFIX_PATH=/home/pi/ros2_ws/install/my_robot_description:/home/pi/ros2_ws/install/my_robot_hardware:/home/pi/ros2_ws/install/my_robot_bringup:/home/pi/rpl_ws/install/rplidar_ros:/opt/ros/jazzy/opt/sdformat_vendor:/opt/ros/jazzy/opt/gz_math_vendor:/opt/ros/jazzy/opt/gz_utils_vendor:/opt/ros/jazzy/opt/gz_tools_vendor:/opt/ros/jazzy/opt/gz_cmake_vendor:/opt/ros/jazzy DEBUGINFOD_URLS=https://debuginfod.ubuntu.com /usr/bin/cmake --install /home/pi/ros2_ws/build/my_robot_bringup
[1.131s] Level 1:colcon.colcon_core.environment:create_environment_scripts_only(my_robot_hardware)
[1.131s] Level 1:colcon.colcon_core.environment:checking '/home/pi/ros2_ws/install/my_robot_hardware' for CMake module files
[1.132s] DEBUG:colcon.colcon_core.event_handler.log_command:Invoked command in '/home/pi/ros2_ws/build/my_robot_hardware' returned '0': CMAKE_PREFIX_PATH=${CMAKE_PREFIX_PATH}:/opt/ros/jazzy DEBUGINFOD_URLS=https://debuginfod.ubuntu.com /usr/bin/cmake --install /home/pi/ros2_ws/build/my_robot_hardware
[1.132s] Level 1:colcon.colcon_core.environment:checking '/home/pi/ros2_ws/install/my_robot_hardware' for CMake config files
[1.133s] Level 1:colcon.colcon_core.shell:create_environment_hook('my_robot_hardware', 'cmake_prefix_path')
[1.133s] INFO:colcon.colcon_core.shell:Creating environment hook '/home/pi/ros2_ws/install/my_robot_hardware/share/my_robot_hardware/hook/cmake_prefix_path.ps1'
[1.134s] INFO:colcon.colcon_core.shell:Creating environment descriptor '/home/pi/ros2_ws/install/my_robot_hardware/share/my_robot_hardware/hook/cmake_prefix_path.dsv'
[1.134s] INFO:colcon.colcon_core.shell:Creating environment hook '/home/pi/ros2_ws/install/my_robot_hardware/share/my_robot_hardware/hook/cmake_prefix_path.sh'
[1.136s] Level 1:colcon.colcon_core.environment:checking '/home/pi/ros2_ws/install/my_robot_hardware/lib'
[1.136s] Level 1:colcon.colcon_core.shell:create_environment_hook('my_robot_hardware', 'ld_library_path_lib')
[1.137s] INFO:colcon.colcon_core.shell:Creating environment hook '/home/pi/ros2_ws/install/my_robot_hardware/share/my_robot_hardware/hook/ld_library_path_lib.ps1'
[1.137s] INFO:colcon.colcon_core.shell:Creating environment descriptor '/home/pi/ros2_ws/install/my_robot_hardware/share/my_robot_hardware/hook/ld_library_path_lib.dsv'
[1.138s] INFO:colcon.colcon_core.shell:Creating environment hook '/home/pi/ros2_ws/install/my_robot_hardware/share/my_robot_hardware/hook/ld_library_path_lib.sh'
[1.139s] Level 1:colcon.colcon_core.environment:checking '/home/pi/ros2_ws/install/my_robot_hardware/bin'
[1.139s] Level 1:colcon.colcon_core.environment:checking '/home/pi/ros2_ws/install/my_robot_hardware/lib/pkgconfig/my_robot_hardware.pc'
[1.139s] Level 1:colcon.colcon_core.environment:checking '/home/pi/ros2_ws/install/my_robot_hardware/lib/python3.12/site-packages'
[1.139s] Level 1:colcon.colcon_core.environment:checking '/home/pi/ros2_ws/install/my_robot_hardware/bin'
[1.140s] INFO:colcon.colcon_core.shell:Creating package script '/home/pi/ros2_ws/install/my_robot_hardware/share/my_robot_hardware/package.ps1'
[1.141s] INFO:colcon.colcon_core.shell:Creating package descriptor '/home/pi/ros2_ws/install/my_robot_hardware/share/my_robot_hardware/package.dsv'
[1.141s] INFO:colcon.colcon_core.shell:Creating package script '/home/pi/ros2_ws/install/my_robot_hardware/share/my_robot_hardware/package.sh'
[1.142s] INFO:colcon.colcon_core.shell:Creating package script '/home/pi/ros2_ws/install/my_robot_hardware/share/my_robot_hardware/package.bash'
[1.143s] INFO:colcon.colcon_core.shell:Creating package script '/home/pi/ros2_ws/install/my_robot_hardware/share/my_robot_hardware/package.zsh'
[1.143s] Level 1:colcon.colcon_core.environment:create_file_with_runtime_dependencies(/home/pi/ros2_ws/install/my_robot_hardware/share/colcon-core/packages/my_robot_hardware)
[1.144s] Level 1:colcon.colcon_core.environment:create_environment_scripts_only(my_robot_hardware)
[1.144s] Level 1:colcon.colcon_core.environment:checking '/home/pi/ros2_ws/install/my_robot_hardware' for CMake module files
[1.144s] Level 1:colcon.colcon_core.environment:checking '/home/pi/ros2_ws/install/my_robot_hardware' for CMake config files
[1.145s] Level 1:colcon.colcon_core.shell:create_environment_hook('my_robot_hardware', 'cmake_prefix_path')
[1.145s] INFO:colcon.colcon_core.shell:Creating environment hook '/home/pi/ros2_ws/install/my_robot_hardware/share/my_robot_hardware/hook/cmake_prefix_path.ps1'
[1.145s] INFO:colcon.colcon_core.shell:Creating environment descriptor '/home/pi/ros2_ws/install/my_robot_hardware/share/my_robot_hardware/hook/cmake_prefix_path.dsv'
[1.146s] INFO:colcon.colcon_core.shell:Creating environment hook '/home/pi/ros2_ws/install/my_robot_hardware/share/my_robot_hardware/hook/cmake_prefix_path.sh'
[1.146s] Level 1:colcon.colcon_core.environment:checking '/home/pi/ros2_ws/install/my_robot_hardware/lib'
[1.146s] Level 1:colcon.colcon_core.shell:create_environment_hook('my_robot_hardware', 'ld_library_path_lib')
[1.147s] INFO:colcon.colcon_core.shell:Creating environment hook '/home/pi/ros2_ws/install/my_robot_hardware/share/my_robot_hardware/hook/ld_library_path_lib.ps1'
[1.147s] INFO:colcon.colcon_core.shell:Creating environment descriptor '/home/pi/ros2_ws/install/my_robot_hardware/share/my_robot_hardware/hook/ld_library_path_lib.dsv'
[1.147s] INFO:colcon.colcon_core.shell:Creating environment hook '/home/pi/ros2_ws/install/my_robot_hardware/share/my_robot_hardware/hook/ld_library_path_lib.sh'
[1.148s] Level 1:colcon.colcon_core.environment:checking '/home/pi/ros2_ws/install/my_robot_hardware/bin'
[1.148s] Level 1:colcon.colcon_core.environment:checking '/home/pi/ros2_ws/install/my_robot_hardware/lib/pkgconfig/my_robot_hardware.pc'
[1.148s] Level 1:colcon.colcon_core.environment:checking '/home/pi/ros2_ws/install/my_robot_hardware/lib/python3.12/site-packages'
[1.148s] Level 1:colcon.colcon_core.environment:checking '/home/pi/ros2_ws/install/my_robot_hardware/bin'
[1.149s] INFO:colcon.colcon_core.shell:Creating package script '/home/pi/ros2_ws/install/my_robot_hardware/share/my_robot_hardware/package.ps1'
[1.149s] INFO:colcon.colcon_core.shell:Creating package descriptor '/home/pi/ros2_ws/install/my_robot_hardware/share/my_robot_hardware/package.dsv'
[1.150s] INFO:colcon.colcon_core.shell:Creating package script '/home/pi/ros2_ws/install/my_robot_hardware/share/my_robot_hardware/package.sh'
[1.150s] INFO:colcon.colcon_core.shell:Creating package script '/home/pi/ros2_ws/install/my_robot_hardware/share/my_robot_hardware/package.bash'
[1.151s] INFO:colcon.colcon_core.shell:Creating package script '/home/pi/ros2_ws/install/my_robot_hardware/share/my_robot_hardware/package.zsh'
[1.151s] Level 1:colcon.colcon_core.environment:create_file_with_runtime_dependencies(/home/pi/ros2_ws/install/my_robot_hardware/share/colcon-core/packages/my_robot_hardware)
[1.162s] Level 1:colcon.colcon_core.environment:create_environment_scripts_only(my_robot_bringup)
[1.162s] Level 1:colcon.colcon_core.environment:checking '/home/pi/ros2_ws/install/my_robot_bringup' for CMake module files
[1.163s] DEBUG:colcon.colcon_core.event_handler.log_command:Invoked command in '/home/pi/ros2_ws/build/my_robot_bringup' returned '0': CMAKE_PREFIX_PATH=/home/pi/ros2_ws/install/my_robot_description:/home/pi/ros2_ws/install/my_robot_hardware:/home/pi/ros2_ws/install/my_robot_bringup:/home/pi/rpl_ws/install/rplidar_ros:/opt/ros/jazzy/opt/sdformat_vendor:/opt/ros/jazzy/opt/gz_math_vendor:/opt/ros/jazzy/opt/gz_utils_vendor:/opt/ros/jazzy/opt/gz_tools_vendor:/opt/ros/jazzy/opt/gz_cmake_vendor:/opt/ros/jazzy DEBUGINFOD_URLS=https://debuginfod.ubuntu.com /usr/bin/cmake --install /home/pi/ros2_ws/build/my_robot_bringup
[1.163s] Level 1:colcon.colcon_core.environment:checking '/home/pi/ros2_ws/install/my_robot_bringup' for CMake config files
[1.164s] Level 1:colcon.colcon_core.shell:create_environment_hook('my_robot_bringup', 'cmake_prefix_path')
[1.164s] INFO:colcon.colcon_core.shell:Creating environment hook '/home/pi/ros2_ws/install/my_robot_bringup/share/my_robot_bringup/hook/cmake_prefix_path.ps1'
[1.166s] INFO:colcon.colcon_core.shell:Creating environment descriptor '/home/pi/ros2_ws/install/my_robot_bringup/share/my_robot_bringup/hook/cmake_prefix_path.dsv'
[1.167s] INFO:colcon.colcon_core.shell:Creating environment hook '/home/pi/ros2_ws/install/my_robot_bringup/share/my_robot_bringup/hook/cmake_prefix_path.sh'
[1.168s] Level 1:colcon.colcon_core.environment:checking '/home/pi/ros2_ws/install/my_robot_bringup/bin'
[1.168s] Level 1:colcon.colcon_core.environment:checking '/home/pi/ros2_ws/install/my_robot_bringup/lib/pkgconfig/my_robot_bringup.pc'
[1.168s] Level 1:colcon.colcon_core.environment:checking '/home/pi/ros2_ws/install/my_robot_bringup/lib/python3.12/site-packages'
[1.168s] Level 1:colcon.colcon_core.environment:checking '/home/pi/ros2_ws/install/my_robot_bringup/bin'
[1.169s] INFO:colcon.colcon_core.shell:Creating package script '/home/pi/ros2_ws/install/my_robot_bringup/share/my_robot_bringup/package.ps1'
[1.169s] INFO:colcon.colcon_core.shell:Creating package descriptor '/home/pi/ros2_ws/install/my_robot_bringup/share/my_robot_bringup/package.dsv'
[1.170s] INFO:colcon.colcon_core.shell:Creating package script '/home/pi/ros2_ws/install/my_robot_bringup/share/my_robot_bringup/package.sh'
[1.170s] INFO:colcon.colcon_core.shell:Creating package script '/home/pi/ros2_ws/install/my_robot_bringup/share/my_robot_bringup/package.bash'
[1.171s] INFO:colcon.colcon_core.shell:Creating package script '/home/pi/ros2_ws/install/my_robot_bringup/share/my_robot_bringup/package.zsh'
[1.171s] Level 1:colcon.colcon_core.environment:create_file_with_runtime_dependencies(/home/pi/ros2_ws/install/my_robot_bringup/share/colcon-core/packages/my_robot_bringup)
[1.173s] Level 1:colcon.colcon_core.environment:create_environment_scripts_only(my_robot_bringup)
[1.173s] Level 1:colcon.colcon_core.environment:checking '/home/pi/ros2_ws/install/my_robot_bringup' for CMake module files
[1.173s] Level 1:colcon.colcon_core.environment:checking '/home/pi/ros2_ws/install/my_robot_bringup' for CMake config files
[1.174s] Level 1:colcon.colcon_core.shell:create_environment_hook('my_robot_bringup', 'cmake_prefix_path')
[1.174s] INFO:colcon.colcon_core.shell:Creating environment hook '/home/pi/ros2_ws/install/my_robot_bringup/share/my_robot_bringup/hook/cmake_prefix_path.ps1'
[1.177s] INFO:colcon.colcon_core.shell:Creating environment descriptor '/home/pi/ros2_ws/install/my_robot_bringup/share/my_robot_bringup/hook/cmake_prefix_path.dsv'
[1.179s] INFO:colcon.colcon_core.shell:Creating environment hook '/home/pi/ros2_ws/install/my_robot_bringup/share/my_robot_bringup/hook/cmake_prefix_path.sh'
[1.180s] Level 1:colcon.colcon_core.environment:checking '/home/pi/ros2_ws/install/my_robot_bringup/bin'
[1.180s] Level 1:colcon.colcon_core.environment:checking '/home/pi/ros2_ws/install/my_robot_bringup/lib/pkgconfig/my_robot_bringup.pc'
[1.180s] Level 1:colcon.colcon_core.environment:checking '/home/pi/ros2_ws/install/my_robot_bringup/lib/python3.12/site-packages'
[1.181s] Level 1:colcon.colcon_core.environment:checking '/home/pi/ros2_ws/install/my_robot_bringup/bin'
[1.181s] INFO:colcon.colcon_core.shell:Creating package script '/home/pi/ros2_ws/install/my_robot_bringup/share/my_robot_bringup/package.ps1'
[1.181s] INFO:colcon.colcon_core.shell:Creating package descriptor '/home/pi/ros2_ws/install/my_robot_bringup/share/my_robot_bringup/package.dsv'
[1.182s] INFO:colcon.colcon_core.shell:Creating package script '/home/pi/ros2_ws/install/my_robot_bringup/share/my_robot_bringup/package.sh'
[1.184s] INFO:colcon.colcon_core.shell:Creating package script '/home/pi/ros2_ws/install/my_robot_bringup/share/my_robot_bringup/package.bash'
[1.185s] INFO:colcon.colcon_core.shell:Creating package script '/home/pi/ros2_ws/install/my_robot_bringup/share/my_robot_bringup/package.zsh'
[1.186s] Level 1:colcon.colcon_core.environment:create_file_with_runtime_dependencies(/home/pi/ros2_ws/install/my_robot_bringup/share/colcon-core/packages/my_robot_bringup)
[1.188s] DEBUG:colcon.colcon_parallel_executor.executor.parallel:closing loop
[1.188s] DEBUG:colcon.colcon_parallel_executor.executor.parallel:loop closed
[1.188s] DEBUG:colcon.colcon_parallel_executor.executor.parallel:run_until_complete finished with '0'
[1.188s] DEBUG:colcon.colcon_core.event_reactor:joining thread
[1.198s] INFO:colcon.colcon_core.plugin_system:Skipping extension 'colcon_notification.desktop_notification.terminal_notifier': Not used on non-Darwin systems
[1.198s] INFO:colcon.colcon_core.plugin_system:Skipping extension 'colcon_notification.desktop_notification.win32': Not used on non-Windows systems
[1.198s] INFO:colcon.colcon_notification.desktop_notification:Sending desktop notification using 'notify2'
[1.213s] DEBUG:colcon.colcon_core.event_reactor:joined thread
[1.213s] INFO:colcon.colcon_core.shell:Creating prefix script '/home/pi/ros2_ws/install/local_setup.ps1'
[1.217s] INFO:colcon.colcon_core.shell:Creating prefix util module '/home/pi/ros2_ws/install/_local_setup_util_ps1.py'
[1.224s] INFO:colcon.colcon_core.shell:Creating prefix chain script '/home/pi/ros2_ws/install/setup.ps1'
[1.227s] INFO:colcon.colcon_core.shell:Creating prefix script '/home/pi/ros2_ws/install/local_setup.sh'
[1.237s] INFO:colcon.colcon_core.shell:Creating prefix util module '/home/pi/ros2_ws/install/_local_setup_util_sh.py'
[1.238s] INFO:colcon.colcon_core.shell:Creating prefix chain script '/home/pi/ros2_ws/install/setup.sh'
[1.241s] INFO:colcon.colcon_core.shell:Creating prefix script '/home/pi/ros2_ws/install/local_setup.bash'
[1.243s] INFO:colcon.colcon_core.shell:Creating prefix chain script '/home/pi/ros2_ws/install/setup.bash'
[1.246s] INFO:colcon.colcon_core.shell:Creating prefix script '/home/pi/ros2_ws/install/local_setup.zsh'
[1.251s] INFO:colcon.colcon_core.shell:Creating prefix chain script '/home/pi/ros2_ws/install/setup.zsh'
