[0.028s] Invoking command in '/home/pi/ros2_ws/build/my_robot_description': CMAKE_PREFIX_PATH=${CMAKE_PREFIX_PATH}:/opt/ros/jazzy DEBUGINFOD_URLS=https://debuginfod.ubuntu.com /usr/bin/cmake /home/pi/ros2_ws/src/my_robot_description -DCMAKE_INSTALL_PREFIX=/home/pi/ros2_ws/install/my_robot_description
[0.073s] -- Found ament_cmake: 2.5.4 (/opt/ros/jazzy/share/ament_cmake/cmake)
[0.470s] -- Override CMake install command with custom implementation using symlinks instead of copying resources
[0.680s] -- Configuring done (0.6s)
[0.695s] -- Generating done (0.0s)
[0.700s] -- Build files have been written to: /home/pi/ros2_ws/build/my_robot_description
[0.705s] Invoked command in '/home/pi/ros2_ws/build/my_robot_description' returned '0': CMAKE_PREFIX_PATH=${CMAKE_PREFIX_PATH}:/opt/ros/jazzy DEBUGINFOD_URLS=https://debuginfod.ubuntu.com /usr/bin/cmake /home/pi/ros2_ws/src/my_robot_description -DCMAKE_INSTALL_PREFIX=/home/pi/ros2_ws/install/my_robot_description
[0.708s] Invoking command in '/home/pi/ros2_ws/build/my_robot_description': CMAKE_PREFIX_PATH=${CMAKE_PREFIX_PATH}:/opt/ros/jazzy DEBUGINFOD_URLS=https://debuginfod.ubuntu.com /usr/bin/cmake --build /home/pi/ros2_ws/build/my_robot_description -- -j4 -l4
[0.781s] Invoked command in '/home/pi/ros2_ws/build/my_robot_description' returned '0': CMAKE_PREFIX_PATH=${CMAKE_PREFIX_PATH}:/opt/ros/jazzy DEBUGINFOD_URLS=https://debuginfod.ubuntu.com /usr/bin/cmake --build /home/pi/ros2_ws/build/my_robot_description -- -j4 -l4
[0.806s] Invoking command in '/home/pi/ros2_ws/build/my_robot_description': CMAKE_PREFIX_PATH=${CMAKE_PREFIX_PATH}:/opt/ros/jazzy DEBUGINFOD_URLS=https://debuginfod.ubuntu.com /usr/bin/cmake --install /home/pi/ros2_ws/build/my_robot_description
[0.827s] -- Install configuration: ""
[0.827s] -- Execute custom install script
[0.828s] -- Up-to-date symlink: /home/pi/ros2_ws/install/my_robot_description/share/my_robot_description//urdf/arm.ros2_control.xacro
[0.828s] -- Up-to-date symlink: /home/pi/ros2_ws/install/my_robot_description/share/my_robot_description//urdf/arm.xacro
[0.828s] -- Up-to-date symlink: /home/pi/ros2_ws/install/my_robot_description/share/my_robot_description//urdf/camera.xacro
[0.828s] -- Up-to-date symlink: /home/pi/ros2_ws/install/my_robot_description/share/my_robot_description//urdf/common_properties.xacro
[0.829s] -- Up-to-date symlink: /home/pi/ros2_ws/install/my_robot_description/share/my_robot_description//urdf/lidar.xacro
[0.829s] -- Up-to-date symlink: /home/pi/ros2_ws/install/my_robot_description/share/my_robot_description//urdf/mobile_base.ros2_control.xacro
[0.829s] -- Up-to-date symlink: /home/pi/ros2_ws/install/my_robot_description/share/my_robot_description//urdf/mobile_base.xacro
[0.829s] -- Up-to-date symlink: /home/pi/ros2_ws/install/my_robot_description/share/my_robot_description//urdf/my_robot.urdf.xacro
[0.829s] -- Up-to-date symlink: /home/pi/ros2_ws/install/my_robot_description/share/my_robot_description//urdf/my_robot_gazebo_ros2_control.xacro
[0.829s] -- Up-to-date symlink: /home/pi/ros2_ws/install/my_robot_description/share/my_robot_description//launch/display.launch.py
[0.829s] -- Up-to-date symlink: /home/pi/ros2_ws/install/my_robot_description/share/my_robot_description//launch/display.launch.xml
[0.830s] -- Up-to-date symlink: /home/pi/ros2_ws/install/my_robot_description/share/my_robot_description//rviz/urdf_config.rviz
[0.830s] -- Up-to-date symlink: /home/pi/ros2_ws/install/my_robot_description/share/ament_index/resource_index/package_run_dependencies/my_robot_description
[0.830s] -- Up-to-date symlink: /home/pi/ros2_ws/install/my_robot_description/share/ament_index/resource_index/parent_prefix_path/my_robot_description
[0.830s] -- Up-to-date symlink: /home/pi/ros2_ws/install/my_robot_description/share/my_robot_description/environment/ament_prefix_path.sh
[0.830s] -- Up-to-date symlink: /home/pi/ros2_ws/install/my_robot_description/share/my_robot_description/environment/ament_prefix_path.dsv
[0.831s] -- Up-to-date symlink: /home/pi/ros2_ws/install/my_robot_description/share/my_robot_description/environment/path.sh
[0.831s] -- Up-to-date symlink: /home/pi/ros2_ws/install/my_robot_description/share/my_robot_description/environment/path.dsv
[0.832s] -- Up-to-date symlink: /home/pi/ros2_ws/install/my_robot_description/share/my_robot_description/local_setup.bash
[0.832s] -- Up-to-date symlink: /home/pi/ros2_ws/install/my_robot_description/share/my_robot_description/local_setup.sh
[0.832s] -- Up-to-date symlink: /home/pi/ros2_ws/install/my_robot_description/share/my_robot_description/local_setup.zsh
[0.832s] -- Up-to-date symlink: /home/pi/ros2_ws/install/my_robot_description/share/my_robot_description/local_setup.dsv
[0.832s] -- Symlinking: /home/pi/ros2_ws/install/my_robot_description/share/my_robot_description/package.dsv
[0.849s] -- Up-to-date symlink: /home/pi/ros2_ws/install/my_robot_description/share/ament_index/resource_index/packages/my_robot_description
[0.849s] -- Up-to-date symlink: /home/pi/ros2_ws/install/my_robot_description/share/my_robot_description/cmake/my_robot_descriptionConfig.cmake
[0.849s] -- Up-to-date symlink: /home/pi/ros2_ws/install/my_robot_description/share/my_robot_description/cmake/my_robot_descriptionConfig-version.cmake
[0.850s] -- Up-to-date symlink: /home/pi/ros2_ws/install/my_robot_description/share/my_robot_description/package.xml
[0.853s] Invoked command in '/home/pi/ros2_ws/build/my_robot_description' returned '0': CMAKE_PREFIX_PATH=${CMAKE_PREFIX_PATH}:/opt/ros/jazzy DEBUGINFOD_URLS=https://debuginfod.ubuntu.com /usr/bin/cmake --install /home/pi/ros2_ws/build/my_robot_description
