[0.123s] DEBUG:colcon:Command line arguments: ['/usr/bin/colcon', 'build', '--symlink-install']
[0.123s] DEBUG:colcon:Parsed command line arguments: Namespace(log_base=None, log_level=None, verb_name='build', build_base='build', install_base='install', merge_install=False, symlink_install=True, test_result_base=None, continue_on_error=False, executor='parallel', parallel_workers=4, event_handlers=None, ignore_user_meta=False, metas=['./colcon.meta'], base_paths=['.'], packages_ignore=None, packages_ignore_regex=None, paths=None, packages_up_to=None, packages_up_to_regex=None, packages_above=None, packages_above_and_dependencies=None, packages_above_depth=None, packages_select_by_dep=None, packages_skip_by_dep=None, packages_skip_up_to=None, packages_select_build_failed=False, packages_skip_build_finished=False, packages_select_test_failures=False, packages_skip_test_passed=False, packages_select=None, packages_skip=None, packages_select_regex=None, packages_skip_regex=None, packages_start=None, packages_end=None, allow_overriding=[], cmake_args=None, cmake_target=None, cmake_target_skip_unavailable=False, cmake_clean_cache=False, cmake_clean_first=False, cmake_force_configure=False, ament_cmake_args=None, catkin_cmake_args=None, catkin_skip_building_tests=False, mixin_files=None, mixin=None, verb_parser=<colcon_mixin.mixin.mixin_argument.MixinArgumentDecorator object at 0xffff9728faa0>, verb_extension=<colcon_core.verb.build.BuildVerb object at 0xffff97146780>, main=<bound method BuildVerb.main of <colcon_core.verb.build.BuildVerb object at 0xffff97146780>>, mixin_verb=('build',))
[0.170s] Level 1:colcon.colcon_core.package_discovery:discover_packages(colcon_meta) check parameters
[0.170s] Level 1:colcon.colcon_core.package_discovery:discover_packages(recursive) check parameters
[0.170s] Level 1:colcon.colcon_core.package_discovery:discover_packages(ignore) check parameters
[0.170s] Level 1:colcon.colcon_core.package_discovery:discover_packages(path) check parameters
[0.170s] Level 1:colcon.colcon_core.package_discovery:discover_packages(colcon_meta) discover
[0.170s] Level 1:colcon.colcon_core.package_discovery:discover_packages(recursive) discover
[0.170s] INFO:colcon.colcon_core.package_discovery:Crawling recursively for packages in '/home/pi/ros2_ws'
[0.171s] Level 1:colcon.colcon_core.package_identification:_identify(.) by extensions ['ignore', 'ignore_ament_install']
[0.171s] Level 1:colcon.colcon_core.package_identification:_identify(.) by extension 'ignore'
[0.171s] Level 1:colcon.colcon_core.package_identification:_identify(.) by extension 'ignore_ament_install'
[0.171s] Level 1:colcon.colcon_core.package_identification:_identify(.) by extensions ['colcon_pkg']
[0.171s] Level 1:colcon.colcon_core.package_identification:_identify(.) by extension 'colcon_pkg'
[0.171s] Level 1:colcon.colcon_core.package_identification:_identify(.) by extensions ['colcon_meta']
[0.171s] Level 1:colcon.colcon_core.package_identification:_identify(.) by extension 'colcon_meta'
[0.171s] Level 1:colcon.colcon_core.package_identification:_identify(.) by extensions ['ros']
[0.171s] Level 1:colcon.colcon_core.package_identification:_identify(.) by extension 'ros'
[0.202s] Level 1:colcon.colcon_core.package_identification:_identify(.) by extensions ['cmake', 'python']
[0.202s] Level 1:colcon.colcon_core.package_identification:_identify(.) by extension 'cmake'
[0.202s] Level 1:colcon.colcon_core.package_identification:_identify(.) by extension 'python'
[0.203s] Level 1:colcon.colcon_core.package_identification:_identify(.) by extensions ['python_setup_py']
[0.203s] Level 1:colcon.colcon_core.package_identification:_identify(.) by extension 'python_setup_py'
[0.203s] Level 1:colcon.colcon_core.package_identification:_identify(build) by extensions ['ignore', 'ignore_ament_install']
[0.203s] Level 1:colcon.colcon_core.package_identification:_identify(build) by extension 'ignore'
[0.203s] Level 1:colcon.colcon_core.package_identification:_identify(build) ignored
[0.203s] Level 1:colcon.colcon_core.package_identification:_identify(install) by extensions ['ignore', 'ignore_ament_install']
[0.203s] Level 1:colcon.colcon_core.package_identification:_identify(install) by extension 'ignore'
[0.203s] Level 1:colcon.colcon_core.package_identification:_identify(install) ignored
[0.203s] Level 1:colcon.colcon_core.package_identification:_identify(log) by extensions ['ignore', 'ignore_ament_install']
[0.203s] Level 1:colcon.colcon_core.package_identification:_identify(log) by extension 'ignore'
[0.203s] Level 1:colcon.colcon_core.package_identification:_identify(log) ignored
[0.203s] Level 1:colcon.colcon_core.package_identification:_identify(src) by extensions ['ignore', 'ignore_ament_install']
[0.203s] Level 1:colcon.colcon_core.package_identification:_identify(src) by extension 'ignore'
[0.203s] Level 1:colcon.colcon_core.package_identification:_identify(src) by extension 'ignore_ament_install'
[0.204s] Level 1:colcon.colcon_core.package_identification:_identify(src) by extensions ['colcon_pkg']
[0.204s] Level 1:colcon.colcon_core.package_identification:_identify(src) by extension 'colcon_pkg'
[0.204s] Level 1:colcon.colcon_core.package_identification:_identify(src) by extensions ['colcon_meta']
[0.204s] Level 1:colcon.colcon_core.package_identification:_identify(src) by extension 'colcon_meta'
[0.204s] Level 1:colcon.colcon_core.package_identification:_identify(src) by extensions ['ros']
[0.204s] Level 1:colcon.colcon_core.package_identification:_identify(src) by extension 'ros'
[0.204s] Level 1:colcon.colcon_core.package_identification:_identify(src) by extensions ['cmake', 'python']
[0.204s] Level 1:colcon.colcon_core.package_identification:_identify(src) by extension 'cmake'
[0.204s] Level 1:colcon.colcon_core.package_identification:_identify(src) by extension 'python'
[0.204s] Level 1:colcon.colcon_core.package_identification:_identify(src) by extensions ['python_setup_py']
[0.204s] Level 1:colcon.colcon_core.package_identification:_identify(src) by extension 'python_setup_py'
[0.204s] Level 1:colcon.colcon_core.package_identification:_identify(src/I2C test) by extensions ['ignore', 'ignore_ament_install']
[0.204s] Level 1:colcon.colcon_core.package_identification:_identify(src/I2C test) by extension 'ignore'
[0.204s] Level 1:colcon.colcon_core.package_identification:_identify(src/I2C test) by extension 'ignore_ament_install'
[0.204s] Level 1:colcon.colcon_core.package_identification:_identify(src/I2C test) by extensions ['colcon_pkg']
[0.204s] Level 1:colcon.colcon_core.package_identification:_identify(src/I2C test) by extension 'colcon_pkg'
[0.204s] Level 1:colcon.colcon_core.package_identification:_identify(src/I2C test) by extensions ['colcon_meta']
[0.204s] Level 1:colcon.colcon_core.package_identification:_identify(src/I2C test) by extension 'colcon_meta'
[0.204s] Level 1:colcon.colcon_core.package_identification:_identify(src/I2C test) by extensions ['ros']
[0.204s] Level 1:colcon.colcon_core.package_identification:_identify(src/I2C test) by extension 'ros'
[0.204s] Level 1:colcon.colcon_core.package_identification:_identify(src/I2C test) by extensions ['cmake', 'python']
[0.204s] Level 1:colcon.colcon_core.package_identification:_identify(src/I2C test) by extension 'cmake'
[0.204s] Level 1:colcon.colcon_core.package_identification:_identify(src/I2C test) by extension 'python'
[0.204s] Level 1:colcon.colcon_core.package_identification:_identify(src/I2C test) by extensions ['python_setup_py']
[0.204s] Level 1:colcon.colcon_core.package_identification:_identify(src/I2C test) by extension 'python_setup_py'
[0.204s] Level 1:colcon.colcon_core.package_identification:_identify(src/my_robot_bringup) by extensions ['ignore', 'ignore_ament_install']
[0.205s] Level 1:colcon.colcon_core.package_identification:_identify(src/my_robot_bringup) by extension 'ignore'
[0.205s] Level 1:colcon.colcon_core.package_identification:_identify(src/my_robot_bringup) by extension 'ignore_ament_install'
[0.205s] Level 1:colcon.colcon_core.package_identification:_identify(src/my_robot_bringup) by extensions ['colcon_pkg']
[0.205s] Level 1:colcon.colcon_core.package_identification:_identify(src/my_robot_bringup) by extension 'colcon_pkg'
[0.205s] Level 1:colcon.colcon_core.package_identification:_identify(src/my_robot_bringup) by extensions ['colcon_meta']
[0.205s] Level 1:colcon.colcon_core.package_identification:_identify(src/my_robot_bringup) by extension 'colcon_meta'
[0.205s] Level 1:colcon.colcon_core.package_identification:_identify(src/my_robot_bringup) by extensions ['ros']
[0.205s] Level 1:colcon.colcon_core.package_identification:_identify(src/my_robot_bringup) by extension 'ros'
[0.208s] DEBUG:colcon.colcon_core.package_identification:Package 'src/my_robot_bringup' with type 'ros.ament_cmake' and name 'my_robot_bringup'
[0.208s] Level 1:colcon.colcon_core.package_identification:_identify(src/my_robot_description) by extensions ['ignore', 'ignore_ament_install']
[0.208s] Level 1:colcon.colcon_core.package_identification:_identify(src/my_robot_description) by extension 'ignore'
[0.208s] Level 1:colcon.colcon_core.package_identification:_identify(src/my_robot_description) by extension 'ignore_ament_install'
[0.208s] Level 1:colcon.colcon_core.package_identification:_identify(src/my_robot_description) by extensions ['colcon_pkg']
[0.208s] Level 1:colcon.colcon_core.package_identification:_identify(src/my_robot_description) by extension 'colcon_pkg'
[0.208s] Level 1:colcon.colcon_core.package_identification:_identify(src/my_robot_description) by extensions ['colcon_meta']
[0.208s] Level 1:colcon.colcon_core.package_identification:_identify(src/my_robot_description) by extension 'colcon_meta'
[0.208s] Level 1:colcon.colcon_core.package_identification:_identify(src/my_robot_description) by extensions ['ros']
[0.208s] Level 1:colcon.colcon_core.package_identification:_identify(src/my_robot_description) by extension 'ros'
[0.209s] DEBUG:colcon.colcon_core.package_identification:Package 'src/my_robot_description' with type 'ros.ament_cmake' and name 'my_robot_description'
[0.209s] Level 1:colcon.colcon_core.package_identification:_identify(src/my_robot_hardware) by extensions ['ignore', 'ignore_ament_install']
[0.209s] Level 1:colcon.colcon_core.package_identification:_identify(src/my_robot_hardware) by extension 'ignore'
[0.209s] Level 1:colcon.colcon_core.package_identification:_identify(src/my_robot_hardware) by extension 'ignore_ament_install'
[0.209s] Level 1:colcon.colcon_core.package_identification:_identify(src/my_robot_hardware) by extensions ['colcon_pkg']
[0.209s] Level 1:colcon.colcon_core.package_identification:_identify(src/my_robot_hardware) by extension 'colcon_pkg'
[0.209s] Level 1:colcon.colcon_core.package_identification:_identify(src/my_robot_hardware) by extensions ['colcon_meta']
[0.209s] Level 1:colcon.colcon_core.package_identification:_identify(src/my_robot_hardware) by extension 'colcon_meta'
[0.209s] Level 1:colcon.colcon_core.package_identification:_identify(src/my_robot_hardware) by extensions ['ros']
[0.209s] Level 1:colcon.colcon_core.package_identification:_identify(src/my_robot_hardware) by extension 'ros'
[0.210s] DEBUG:colcon.colcon_core.package_identification:Package 'src/my_robot_hardware' with type 'ros.ament_cmake' and name 'my_robot_hardware'
[0.210s] Level 1:colcon.colcon_core.package_discovery:discover_packages(recursive) using defaults
[0.210s] Level 1:colcon.colcon_core.package_discovery:discover_packages(ignore) discover
[0.210s] Level 1:colcon.colcon_core.package_discovery:discover_packages(ignore) using defaults
[0.210s] Level 1:colcon.colcon_core.package_discovery:discover_packages(path) discover
[0.210s] Level 1:colcon.colcon_core.package_discovery:discover_packages(path) using defaults
[0.229s] Level 1:colcon.colcon_core.package_discovery:discover_packages(prefix_path) check parameters
[0.229s] Level 1:colcon.colcon_core.package_discovery:discover_packages(prefix_path) discover
[0.231s] DEBUG:colcon.colcon_installed_package_information.package_discovery:Found 3 installed packages in /home/pi/ros2_ws/install
[0.232s] DEBUG:colcon.colcon_installed_package_information.package_discovery:Found 1 installed packages in /home/pi/rpl_ws/install
[0.234s] DEBUG:colcon.colcon_installed_package_information.package_discovery:Found 347 installed packages in /opt/ros/jazzy
[0.236s] Level 1:colcon.colcon_core.package_discovery:discover_packages(prefix_path) using defaults
[0.292s] Level 5:colcon.colcon_core.verb:set package 'my_robot_description' build argument 'cmake_args' from command line to 'None'
[0.292s] Level 5:colcon.colcon_core.verb:set package 'my_robot_description' build argument 'cmake_target' from command line to 'None'
[0.292s] Level 5:colcon.colcon_core.verb:set package 'my_robot_description' build argument 'cmake_target_skip_unavailable' from command line to 'False'
[0.292s] Level 5:colcon.colcon_core.verb:set package 'my_robot_description' build argument 'cmake_clean_cache' from command line to 'False'
[0.292s] Level 5:colcon.colcon_core.verb:set package 'my_robot_description' build argument 'cmake_clean_first' from command line to 'False'
[0.292s] Level 5:colcon.colcon_core.verb:set package 'my_robot_description' build argument 'cmake_force_configure' from command line to 'False'
[0.292s] Level 5:colcon.colcon_core.verb:set package 'my_robot_description' build argument 'ament_cmake_args' from command line to 'None'
[0.292s] Level 5:colcon.colcon_core.verb:set package 'my_robot_description' build argument 'catkin_cmake_args' from command line to 'None'
[0.292s] Level 5:colcon.colcon_core.verb:set package 'my_robot_description' build argument 'catkin_skip_building_tests' from command line to 'False'
[0.292s] DEBUG:colcon.colcon_core.verb:Building package 'my_robot_description' with the following arguments: {'ament_cmake_args': None, 'build_base': '/home/pi/ros2_ws/build/my_robot_description', 'catkin_cmake_args': None, 'catkin_skip_building_tests': False, 'cmake_args': None, 'cmake_clean_cache': False, 'cmake_clean_first': False, 'cmake_force_configure': False, 'cmake_target': None, 'cmake_target_skip_unavailable': False, 'install_base': '/home/pi/ros2_ws/install/my_robot_description', 'merge_install': False, 'path': '/home/pi/ros2_ws/src/my_robot_description', 'symlink_install': True, 'test_result_base': None}
[0.293s] Level 5:colcon.colcon_core.verb:set package 'my_robot_hardware' build argument 'cmake_args' from command line to 'None'
[0.293s] Level 5:colcon.colcon_core.verb:set package 'my_robot_hardware' build argument 'cmake_target' from command line to 'None'
[0.293s] Level 5:colcon.colcon_core.verb:set package 'my_robot_hardware' build argument 'cmake_target_skip_unavailable' from command line to 'False'
[0.293s] Level 5:colcon.colcon_core.verb:set package 'my_robot_hardware' build argument 'cmake_clean_cache' from command line to 'False'
[0.293s] Level 5:colcon.colcon_core.verb:set package 'my_robot_hardware' build argument 'cmake_clean_first' from command line to 'False'
[0.293s] Level 5:colcon.colcon_core.verb:set package 'my_robot_hardware' build argument 'cmake_force_configure' from command line to 'False'
[0.293s] Level 5:colcon.colcon_core.verb:set package 'my_robot_hardware' build argument 'ament_cmake_args' from command line to 'None'
[0.293s] Level 5:colcon.colcon_core.verb:set package 'my_robot_hardware' build argument 'catkin_cmake_args' from command line to 'None'
[0.293s] Level 5:colcon.colcon_core.verb:set package 'my_robot_hardware' build argument 'catkin_skip_building_tests' from command line to 'False'
[0.293s] DEBUG:colcon.colcon_core.verb:Building package 'my_robot_hardware' with the following arguments: {'ament_cmake_args': None, 'build_base': '/home/pi/ros2_ws/build/my_robot_hardware', 'catkin_cmake_args': None, 'catkin_skip_building_tests': False, 'cmake_args': None, 'cmake_clean_cache': False, 'cmake_clean_first': False, 'cmake_force_configure': False, 'cmake_target': None, 'cmake_target_skip_unavailable': False, 'install_base': '/home/pi/ros2_ws/install/my_robot_hardware', 'merge_install': False, 'path': '/home/pi/ros2_ws/src/my_robot_hardware', 'symlink_install': True, 'test_result_base': None}
[0.293s] Level 5:colcon.colcon_core.verb:set package 'my_robot_bringup' build argument 'cmake_args' from command line to 'None'
[0.293s] Level 5:colcon.colcon_core.verb:set package 'my_robot_bringup' build argument 'cmake_target' from command line to 'None'
[0.293s] Level 5:colcon.colcon_core.verb:set package 'my_robot_bringup' build argument 'cmake_target_skip_unavailable' from command line to 'False'
[0.293s] Level 5:colcon.colcon_core.verb:set package 'my_robot_bringup' build argument 'cmake_clean_cache' from command line to 'False'
[0.293s] Level 5:colcon.colcon_core.verb:set package 'my_robot_bringup' build argument 'cmake_clean_first' from command line to 'False'
[0.293s] Level 5:colcon.colcon_core.verb:set package 'my_robot_bringup' build argument 'cmake_force_configure' from command line to 'False'
[0.293s] Level 5:colcon.colcon_core.verb:set package 'my_robot_bringup' build argument 'ament_cmake_args' from command line to 'None'
[0.293s] Level 5:colcon.colcon_core.verb:set package 'my_robot_bringup' build argument 'catkin_cmake_args' from command line to 'None'
[0.293s] Level 5:colcon.colcon_core.verb:set package 'my_robot_bringup' build argument 'catkin_skip_building_tests' from command line to 'False'
[0.293s] DEBUG:colcon.colcon_core.verb:Building package 'my_robot_bringup' with the following arguments: {'ament_cmake_args': None, 'build_base': '/home/pi/ros2_ws/build/my_robot_bringup', 'catkin_cmake_args': None, 'catkin_skip_building_tests': False, 'cmake_args': None, 'cmake_clean_cache': False, 'cmake_clean_first': False, 'cmake_force_configure': False, 'cmake_target': None, 'cmake_target_skip_unavailable': False, 'install_base': '/home/pi/ros2_ws/install/my_robot_bringup', 'merge_install': False, 'path': '/home/pi/ros2_ws/src/my_robot_bringup', 'symlink_install': True, 'test_result_base': None}
[0.293s] INFO:colcon.colcon_core.executor:Executing jobs using 'parallel' executor
[0.295s] DEBUG:colcon.colcon_parallel_executor.executor.parallel:run_until_complete
[0.295s] INFO:colcon.colcon_ros.task.ament_cmake.build:Building ROS package in '/home/pi/ros2_ws/src/my_robot_description' with build type 'ament_cmake'
[0.295s] INFO:colcon.colcon_cmake.task.cmake.build:Building CMake package in '/home/pi/ros2_ws/src/my_robot_description'
[0.298s] INFO:colcon.colcon_core.plugin_system:Skipping extension 'colcon_core.shell.bat': Not used on non-Windows systems
[0.298s] INFO:colcon.colcon_core.shell:Skip shell extension 'powershell' for command environment: Not usable outside of PowerShell
[0.298s] DEBUG:colcon.colcon_core.shell:Skip shell extension 'dsv' for command environment
[0.305s] INFO:colcon.colcon_ros.task.ament_cmake.build:Building ROS package in '/home/pi/ros2_ws/src/my_robot_hardware' with build type 'ament_cmake'
[0.306s] INFO:colcon.colcon_cmake.task.cmake.build:Building CMake package in '/home/pi/ros2_ws/src/my_robot_hardware'
[0.306s] INFO:colcon.colcon_core.shell:Skip shell extension 'powershell' for command environment: Not usable outside of PowerShell
[0.306s] DEBUG:colcon.colcon_core.shell:Skip shell extension 'dsv' for command environment
[0.321s] DEBUG:colcon.colcon_core.event_handler.log_command:Invoking command in '/home/pi/ros2_ws/build/my_robot_description': CMAKE_PREFIX_PATH=${CMAKE_PREFIX_PATH}:/opt/ros/jazzy DEBUGINFOD_URLS=https://debuginfod.ubuntu.com /usr/bin/cmake --build /home/pi/ros2_ws/build/my_robot_description -- -j4 -l4
[0.333s] DEBUG:colcon.colcon_core.event_handler.log_command:Invoking command in '/home/pi/ros2_ws/build/my_robot_hardware': CMAKE_PREFIX_PATH=${CMAKE_PREFIX_PATH}:/opt/ros/jazzy DEBUGINFOD_URLS=https://debuginfod.ubuntu.com /usr/bin/cmake --build /home/pi/ros2_ws/build/my_robot_hardware -- -j4 -l4
[0.411s] DEBUG:colcon.colcon_core.event_handler.log_command:Invoked command in '/home/pi/ros2_ws/build/my_robot_description' returned '0': CMAKE_PREFIX_PATH=${CMAKE_PREFIX_PATH}:/opt/ros/jazzy DEBUGINFOD_URLS=https://debuginfod.ubuntu.com /usr/bin/cmake --build /home/pi/ros2_ws/build/my_robot_description -- -j4 -l4
[0.432s] DEBUG:colcon.colcon_core.event_handler.log_command:Invoking command in '/home/pi/ros2_ws/build/my_robot_description': CMAKE_PREFIX_PATH=${CMAKE_PREFIX_PATH}:/opt/ros/jazzy DEBUGINFOD_URLS=https://debuginfod.ubuntu.com /usr/bin/cmake --install /home/pi/ros2_ws/build/my_robot_description
[0.468s] Level 1:colcon.colcon_core.environment:create_environment_scripts_only(my_robot_description)
[0.469s] DEBUG:colcon.colcon_core.event_handler.log_command:Invoked command in '/home/pi/ros2_ws/build/my_robot_description' returned '0': CMAKE_PREFIX_PATH=${CMAKE_PREFIX_PATH}:/opt/ros/jazzy DEBUGINFOD_URLS=https://debuginfod.ubuntu.com /usr/bin/cmake --install /home/pi/ros2_ws/build/my_robot_description
[0.471s] Level 1:colcon.colcon_core.environment:checking '/home/pi/ros2_ws/install/my_robot_description' for CMake module files
[0.471s] Level 1:colcon.colcon_core.environment:checking '/home/pi/ros2_ws/install/my_robot_description' for CMake config files
[0.472s] Level 1:colcon.colcon_core.shell:create_environment_hook('my_robot_description', 'cmake_prefix_path')
[0.472s] INFO:colcon.colcon_core.shell:Creating environment hook '/home/pi/ros2_ws/install/my_robot_description/share/my_robot_description/hook/cmake_prefix_path.ps1'
[0.473s] INFO:colcon.colcon_core.shell:Creating environment descriptor '/home/pi/ros2_ws/install/my_robot_description/share/my_robot_description/hook/cmake_prefix_path.dsv'
[0.474s] INFO:colcon.colcon_core.shell:Creating environment hook '/home/pi/ros2_ws/install/my_robot_description/share/my_robot_description/hook/cmake_prefix_path.sh'
[0.476s] Level 1:colcon.colcon_core.environment:checking '/home/pi/ros2_ws/install/my_robot_description/bin'
[0.476s] Level 1:colcon.colcon_core.environment:checking '/home/pi/ros2_ws/install/my_robot_description/lib/pkgconfig/my_robot_description.pc'
[0.476s] Level 1:colcon.colcon_core.environment:checking '/home/pi/ros2_ws/install/my_robot_description/lib/python3.12/site-packages'
[0.476s] Level 1:colcon.colcon_core.environment:checking '/home/pi/ros2_ws/install/my_robot_description/bin'
[0.476s] INFO:colcon.colcon_core.shell:Creating package script '/home/pi/ros2_ws/install/my_robot_description/share/my_robot_description/package.ps1'
[0.477s] INFO:colcon.colcon_core.shell:Creating package descriptor '/home/pi/ros2_ws/install/my_robot_description/share/my_robot_description/package.dsv'
[0.478s] INFO:colcon.colcon_core.shell:Creating package script '/home/pi/ros2_ws/install/my_robot_description/share/my_robot_description/package.sh'
[0.479s] INFO:colcon.colcon_core.shell:Creating package script '/home/pi/ros2_ws/install/my_robot_description/share/my_robot_description/package.bash'
[0.480s] INFO:colcon.colcon_core.shell:Creating package script '/home/pi/ros2_ws/install/my_robot_description/share/my_robot_description/package.zsh'
[0.482s] Level 1:colcon.colcon_core.environment:create_file_with_runtime_dependencies(/home/pi/ros2_ws/install/my_robot_description/share/colcon-core/packages/my_robot_description)
[0.484s] Level 1:colcon.colcon_core.environment:create_environment_scripts_only(my_robot_description)
[0.484s] Level 1:colcon.colcon_core.environment:checking '/home/pi/ros2_ws/install/my_robot_description' for CMake module files
[0.484s] Level 1:colcon.colcon_core.environment:checking '/home/pi/ros2_ws/install/my_robot_description' for CMake config files
[0.485s] Level 1:colcon.colcon_core.shell:create_environment_hook('my_robot_description', 'cmake_prefix_path')
[0.485s] INFO:colcon.colcon_core.shell:Creating environment hook '/home/pi/ros2_ws/install/my_robot_description/share/my_robot_description/hook/cmake_prefix_path.ps1'
[0.485s] INFO:colcon.colcon_core.shell:Creating environment descriptor '/home/pi/ros2_ws/install/my_robot_description/share/my_robot_description/hook/cmake_prefix_path.dsv'
[0.487s] INFO:colcon.colcon_core.shell:Creating environment hook '/home/pi/ros2_ws/install/my_robot_description/share/my_robot_description/hook/cmake_prefix_path.sh'
[0.489s] Level 1:colcon.colcon_core.environment:checking '/home/pi/ros2_ws/install/my_robot_description/bin'
[0.489s] Level 1:colcon.colcon_core.environment:checking '/home/pi/ros2_ws/install/my_robot_description/lib/pkgconfig/my_robot_description.pc'
[0.489s] Level 1:colcon.colcon_core.environment:checking '/home/pi/ros2_ws/install/my_robot_description/lib/python3.12/site-packages'
[0.489s] Level 1:colcon.colcon_core.environment:checking '/home/pi/ros2_ws/install/my_robot_description/bin'
[0.489s] INFO:colcon.colcon_core.shell:Creating package script '/home/pi/ros2_ws/install/my_robot_description/share/my_robot_description/package.ps1'
[0.492s] INFO:colcon.colcon_core.shell:Creating package descriptor '/home/pi/ros2_ws/install/my_robot_description/share/my_robot_description/package.dsv'
[0.493s] INFO:colcon.colcon_core.shell:Creating package script '/home/pi/ros2_ws/install/my_robot_description/share/my_robot_description/package.sh'
[0.494s] INFO:colcon.colcon_core.shell:Creating package script '/home/pi/ros2_ws/install/my_robot_description/share/my_robot_description/package.bash'
[0.495s] INFO:colcon.colcon_core.shell:Creating package script '/home/pi/ros2_ws/install/my_robot_description/share/my_robot_description/package.zsh'
[0.495s] Level 1:colcon.colcon_core.environment:create_file_with_runtime_dependencies(/home/pi/ros2_ws/install/my_robot_description/share/colcon-core/packages/my_robot_description)
[0.497s] INFO:colcon.colcon_ros.task.ament_cmake.build:Building ROS package in '/home/pi/ros2_ws/src/my_robot_bringup' with build type 'ament_cmake'
[0.497s] INFO:colcon.colcon_cmake.task.cmake.build:Building CMake package in '/home/pi/ros2_ws/src/my_robot_bringup'
[0.497s] INFO:colcon.colcon_core.shell:Skip shell extension 'powershell' for command environment: Not usable outside of PowerShell
[0.497s] DEBUG:colcon.colcon_core.shell:Skip shell extension 'dsv' for command environment
[0.506s] DEBUG:colcon.colcon_core.event_handler.log_command:Invoked command in '/home/pi/ros2_ws/build/my_robot_hardware' returned '0': CMAKE_PREFIX_PATH=${CMAKE_PREFIX_PATH}:/opt/ros/jazzy DEBUGINFOD_URLS=https://debuginfod.ubuntu.com /usr/bin/cmake --build /home/pi/ros2_ws/build/my_robot_hardware -- -j4 -l4
[0.509s] DEBUG:colcon.colcon_core.event_handler.log_command:Invoking command in '/home/pi/ros2_ws/build/my_robot_hardware': CMAKE_PREFIX_PATH=${CMAKE_PREFIX_PATH}:/opt/ros/jazzy DEBUGINFOD_URLS=https://debuginfod.ubuntu.com /usr/bin/cmake --install /home/pi/ros2_ws/build/my_robot_hardware
[0.515s] DEBUG:colcon.colcon_core.event_handler.log_command:Invoking command in '/home/pi/ros2_ws/build/my_robot_bringup': CMAKE_PREFIX_PATH=/home/pi/ros2_ws/install/my_robot_description:/home/pi/ros2_ws/install/my_robot_hardware:/home/pi/ros2_ws/install/my_robot_bringup:/home/pi/rpl_ws/install/rplidar_ros:/opt/ros/jazzy/opt/sdformat_vendor:/opt/ros/jazzy/opt/gz_math_vendor:/opt/ros/jazzy/opt/gz_utils_vendor:/opt/ros/jazzy/opt/gz_tools_vendor:/opt/ros/jazzy/opt/gz_cmake_vendor:/opt/ros/jazzy DEBUGINFOD_URLS=https://debuginfod.ubuntu.com /usr/bin/cmake --build /home/pi/ros2_ws/build/my_robot_bringup -- -j4 -l4
[0.557s] Level 1:colcon.colcon_core.environment:create_environment_scripts_only(my_robot_hardware)
[0.558s] Level 1:colcon.colcon_core.environment:checking '/home/pi/ros2_ws/install/my_robot_hardware' for CMake module files
[0.558s] DEBUG:colcon.colcon_core.event_handler.log_command:Invoked command in '/home/pi/ros2_ws/build/my_robot_hardware' returned '0': CMAKE_PREFIX_PATH=${CMAKE_PREFIX_PATH}:/opt/ros/jazzy DEBUGINFOD_URLS=https://debuginfod.ubuntu.com /usr/bin/cmake --install /home/pi/ros2_ws/build/my_robot_hardware
[0.559s] Level 1:colcon.colcon_core.environment:checking '/home/pi/ros2_ws/install/my_robot_hardware' for CMake config files
[0.560s] Level 1:colcon.colcon_core.shell:create_environment_hook('my_robot_hardware', 'cmake_prefix_path')
[0.560s] INFO:colcon.colcon_core.shell:Creating environment hook '/home/pi/ros2_ws/install/my_robot_hardware/share/my_robot_hardware/hook/cmake_prefix_path.ps1'
[0.561s] INFO:colcon.colcon_core.shell:Creating environment descriptor '/home/pi/ros2_ws/install/my_robot_hardware/share/my_robot_hardware/hook/cmake_prefix_path.dsv'
[0.562s] INFO:colcon.colcon_core.shell:Creating environment hook '/home/pi/ros2_ws/install/my_robot_hardware/share/my_robot_hardware/hook/cmake_prefix_path.sh'
[0.564s] Level 1:colcon.colcon_core.environment:checking '/home/pi/ros2_ws/install/my_robot_hardware/lib'
[0.564s] Level 1:colcon.colcon_core.shell:create_environment_hook('my_robot_hardware', 'ld_library_path_lib')
[0.564s] INFO:colcon.colcon_core.shell:Creating environment hook '/home/pi/ros2_ws/install/my_robot_hardware/share/my_robot_hardware/hook/ld_library_path_lib.ps1'
[0.565s] INFO:colcon.colcon_core.shell:Creating environment descriptor '/home/pi/ros2_ws/install/my_robot_hardware/share/my_robot_hardware/hook/ld_library_path_lib.dsv'
[0.566s] INFO:colcon.colcon_core.shell:Creating environment hook '/home/pi/ros2_ws/install/my_robot_hardware/share/my_robot_hardware/hook/ld_library_path_lib.sh'
[0.568s] Level 1:colcon.colcon_core.environment:checking '/home/pi/ros2_ws/install/my_robot_hardware/bin'
[0.568s] Level 1:colcon.colcon_core.environment:checking '/home/pi/ros2_ws/install/my_robot_hardware/lib/pkgconfig/my_robot_hardware.pc'
[0.568s] Level 1:colcon.colcon_core.environment:checking '/home/pi/ros2_ws/install/my_robot_hardware/lib/python3.12/site-packages'
[0.568s] Level 1:colcon.colcon_core.environment:checking '/home/pi/ros2_ws/install/my_robot_hardware/bin'
[0.569s] INFO:colcon.colcon_core.shell:Creating package script '/home/pi/ros2_ws/install/my_robot_hardware/share/my_robot_hardware/package.ps1'
[0.570s] INFO:colcon.colcon_core.shell:Creating package descriptor '/home/pi/ros2_ws/install/my_robot_hardware/share/my_robot_hardware/package.dsv'
[0.570s] INFO:colcon.colcon_core.shell:Creating package script '/home/pi/ros2_ws/install/my_robot_hardware/share/my_robot_hardware/package.sh'
[0.571s] INFO:colcon.colcon_core.shell:Creating package script '/home/pi/ros2_ws/install/my_robot_hardware/share/my_robot_hardware/package.bash'
[0.573s] INFO:colcon.colcon_core.shell:Creating package script '/home/pi/ros2_ws/install/my_robot_hardware/share/my_robot_hardware/package.zsh'
[0.574s] Level 1:colcon.colcon_core.environment:create_file_with_runtime_dependencies(/home/pi/ros2_ws/install/my_robot_hardware/share/colcon-core/packages/my_robot_hardware)
[0.577s] Level 1:colcon.colcon_core.environment:create_environment_scripts_only(my_robot_hardware)
[0.577s] Level 1:colcon.colcon_core.environment:checking '/home/pi/ros2_ws/install/my_robot_hardware' for CMake module files
[0.577s] Level 1:colcon.colcon_core.environment:checking '/home/pi/ros2_ws/install/my_robot_hardware' for CMake config files
[0.578s] Level 1:colcon.colcon_core.shell:create_environment_hook('my_robot_hardware', 'cmake_prefix_path')
[0.578s] INFO:colcon.colcon_core.shell:Creating environment hook '/home/pi/ros2_ws/install/my_robot_hardware/share/my_robot_hardware/hook/cmake_prefix_path.ps1'
[0.579s] INFO:colcon.colcon_core.shell:Creating environment descriptor '/home/pi/ros2_ws/install/my_robot_hardware/share/my_robot_hardware/hook/cmake_prefix_path.dsv'
[0.583s] INFO:colcon.colcon_core.shell:Creating environment hook '/home/pi/ros2_ws/install/my_robot_hardware/share/my_robot_hardware/hook/cmake_prefix_path.sh'
[0.584s] Level 1:colcon.colcon_core.environment:checking '/home/pi/ros2_ws/install/my_robot_hardware/lib'
[0.584s] Level 1:colcon.colcon_core.shell:create_environment_hook('my_robot_hardware', 'ld_library_path_lib')
[0.584s] INFO:colcon.colcon_core.shell:Creating environment hook '/home/pi/ros2_ws/install/my_robot_hardware/share/my_robot_hardware/hook/ld_library_path_lib.ps1'
[0.585s] INFO:colcon.colcon_core.shell:Creating environment descriptor '/home/pi/ros2_ws/install/my_robot_hardware/share/my_robot_hardware/hook/ld_library_path_lib.dsv'
[0.586s] INFO:colcon.colcon_core.shell:Creating environment hook '/home/pi/ros2_ws/install/my_robot_hardware/share/my_robot_hardware/hook/ld_library_path_lib.sh'
[0.586s] Level 1:colcon.colcon_core.environment:checking '/home/pi/ros2_ws/install/my_robot_hardware/bin'
[0.586s] Level 1:colcon.colcon_core.environment:checking '/home/pi/ros2_ws/install/my_robot_hardware/lib/pkgconfig/my_robot_hardware.pc'
[0.587s] Level 1:colcon.colcon_core.environment:checking '/home/pi/ros2_ws/install/my_robot_hardware/lib/python3.12/site-packages'
[0.587s] Level 1:colcon.colcon_core.environment:checking '/home/pi/ros2_ws/install/my_robot_hardware/bin'
[0.587s] INFO:colcon.colcon_core.shell:Creating package script '/home/pi/ros2_ws/install/my_robot_hardware/share/my_robot_hardware/package.ps1'
[0.588s] INFO:colcon.colcon_core.shell:Creating package descriptor '/home/pi/ros2_ws/install/my_robot_hardware/share/my_robot_hardware/package.dsv'
[0.589s] INFO:colcon.colcon_core.shell:Creating package script '/home/pi/ros2_ws/install/my_robot_hardware/share/my_robot_hardware/package.sh'
[0.589s] INFO:colcon.colcon_core.shell:Creating package script '/home/pi/ros2_ws/install/my_robot_hardware/share/my_robot_hardware/package.bash'
[0.590s] INFO:colcon.colcon_core.shell:Creating package script '/home/pi/ros2_ws/install/my_robot_hardware/share/my_robot_hardware/package.zsh'
[0.591s] Level 1:colcon.colcon_core.environment:create_file_with_runtime_dependencies(/home/pi/ros2_ws/install/my_robot_hardware/share/colcon-core/packages/my_robot_hardware)
[0.595s] DEBUG:colcon.colcon_core.event_handler.log_command:Invoked command in '/home/pi/ros2_ws/build/my_robot_bringup' returned '0': CMAKE_PREFIX_PATH=/home/pi/ros2_ws/install/my_robot_description:/home/pi/ros2_ws/install/my_robot_hardware:/home/pi/ros2_ws/install/my_robot_bringup:/home/pi/rpl_ws/install/rplidar_ros:/opt/ros/jazzy/opt/sdformat_vendor:/opt/ros/jazzy/opt/gz_math_vendor:/opt/ros/jazzy/opt/gz_utils_vendor:/opt/ros/jazzy/opt/gz_tools_vendor:/opt/ros/jazzy/opt/gz_cmake_vendor:/opt/ros/jazzy DEBUGINFOD_URLS=https://debuginfod.ubuntu.com /usr/bin/cmake --build /home/pi/ros2_ws/build/my_robot_bringup -- -j4 -l4
[0.597s] DEBUG:colcon.colcon_core.event_handler.log_command:Invoking command in '/home/pi/ros2_ws/build/my_robot_bringup': CMAKE_PREFIX_PATH=/home/pi/ros2_ws/install/my_robot_description:/home/pi/ros2_ws/install/my_robot_hardware:/home/pi/ros2_ws/install/my_robot_bringup:/home/pi/rpl_ws/install/rplidar_ros:/opt/ros/jazzy/opt/sdformat_vendor:/opt/ros/jazzy/opt/gz_math_vendor:/opt/ros/jazzy/opt/gz_utils_vendor:/opt/ros/jazzy/opt/gz_tools_vendor:/opt/ros/jazzy/opt/gz_cmake_vendor:/opt/ros/jazzy DEBUGINFOD_URLS=https://debuginfod.ubuntu.com /usr/bin/cmake --install /home/pi/ros2_ws/build/my_robot_bringup
[0.639s] Level 1:colcon.colcon_core.environment:create_environment_scripts_only(my_robot_bringup)
[0.639s] Level 1:colcon.colcon_core.environment:checking '/home/pi/ros2_ws/install/my_robot_bringup' for CMake module files
[0.639s] DEBUG:colcon.colcon_core.event_handler.log_command:Invoked command in '/home/pi/ros2_ws/build/my_robot_bringup' returned '0': CMAKE_PREFIX_PATH=/home/pi/ros2_ws/install/my_robot_description:/home/pi/ros2_ws/install/my_robot_hardware:/home/pi/ros2_ws/install/my_robot_bringup:/home/pi/rpl_ws/install/rplidar_ros:/opt/ros/jazzy/opt/sdformat_vendor:/opt/ros/jazzy/opt/gz_math_vendor:/opt/ros/jazzy/opt/gz_utils_vendor:/opt/ros/jazzy/opt/gz_tools_vendor:/opt/ros/jazzy/opt/gz_cmake_vendor:/opt/ros/jazzy DEBUGINFOD_URLS=https://debuginfod.ubuntu.com /usr/bin/cmake --install /home/pi/ros2_ws/build/my_robot_bringup
[0.640s] Level 1:colcon.colcon_core.environment:checking '/home/pi/ros2_ws/install/my_robot_bringup' for CMake config files
[0.640s] Level 1:colcon.colcon_core.shell:create_environment_hook('my_robot_bringup', 'cmake_prefix_path')
[0.640s] INFO:colcon.colcon_core.shell:Creating environment hook '/home/pi/ros2_ws/install/my_robot_bringup/share/my_robot_bringup/hook/cmake_prefix_path.ps1'
[0.641s] INFO:colcon.colcon_core.shell:Creating environment descriptor '/home/pi/ros2_ws/install/my_robot_bringup/share/my_robot_bringup/hook/cmake_prefix_path.dsv'
[0.642s] INFO:colcon.colcon_core.shell:Creating environment hook '/home/pi/ros2_ws/install/my_robot_bringup/share/my_robot_bringup/hook/cmake_prefix_path.sh'
[0.644s] Level 1:colcon.colcon_core.environment:checking '/home/pi/ros2_ws/install/my_robot_bringup/bin'
[0.644s] Level 1:colcon.colcon_core.environment:checking '/home/pi/ros2_ws/install/my_robot_bringup/lib/pkgconfig/my_robot_bringup.pc'
[0.644s] Level 1:colcon.colcon_core.environment:checking '/home/pi/ros2_ws/install/my_robot_bringup/lib/python3.12/site-packages'
[0.644s] Level 1:colcon.colcon_core.environment:checking '/home/pi/ros2_ws/install/my_robot_bringup/bin'
[0.645s] INFO:colcon.colcon_core.shell:Creating package script '/home/pi/ros2_ws/install/my_robot_bringup/share/my_robot_bringup/package.ps1'
[0.645s] INFO:colcon.colcon_core.shell:Creating package descriptor '/home/pi/ros2_ws/install/my_robot_bringup/share/my_robot_bringup/package.dsv'
[0.646s] INFO:colcon.colcon_core.shell:Creating package script '/home/pi/ros2_ws/install/my_robot_bringup/share/my_robot_bringup/package.sh'
[0.647s] INFO:colcon.colcon_core.shell:Creating package script '/home/pi/ros2_ws/install/my_robot_bringup/share/my_robot_bringup/package.bash'
[0.648s] INFO:colcon.colcon_core.shell:Creating package script '/home/pi/ros2_ws/install/my_robot_bringup/share/my_robot_bringup/package.zsh'
[0.650s] Level 1:colcon.colcon_core.environment:create_file_with_runtime_dependencies(/home/pi/ros2_ws/install/my_robot_bringup/share/colcon-core/packages/my_robot_bringup)
[0.652s] Level 1:colcon.colcon_core.environment:create_environment_scripts_only(my_robot_bringup)
[0.652s] Level 1:colcon.colcon_core.environment:checking '/home/pi/ros2_ws/install/my_robot_bringup' for CMake module files
[0.652s] Level 1:colcon.colcon_core.environment:checking '/home/pi/ros2_ws/install/my_robot_bringup' for CMake config files
[0.653s] Level 1:colcon.colcon_core.shell:create_environment_hook('my_robot_bringup', 'cmake_prefix_path')
[0.653s] INFO:colcon.colcon_core.shell:Creating environment hook '/home/pi/ros2_ws/install/my_robot_bringup/share/my_robot_bringup/hook/cmake_prefix_path.ps1'
[0.653s] INFO:colcon.colcon_core.shell:Creating environment descriptor '/home/pi/ros2_ws/install/my_robot_bringup/share/my_robot_bringup/hook/cmake_prefix_path.dsv'
[0.655s] INFO:colcon.colcon_core.shell:Creating environment hook '/home/pi/ros2_ws/install/my_robot_bringup/share/my_robot_bringup/hook/cmake_prefix_path.sh'
[0.657s] Level 1:colcon.colcon_core.environment:checking '/home/pi/ros2_ws/install/my_robot_bringup/bin'
[0.657s] Level 1:colcon.colcon_core.environment:checking '/home/pi/ros2_ws/install/my_robot_bringup/lib/pkgconfig/my_robot_bringup.pc'
[0.657s] Level 1:colcon.colcon_core.environment:checking '/home/pi/ros2_ws/install/my_robot_bringup/lib/python3.12/site-packages'
[0.657s] Level 1:colcon.colcon_core.environment:checking '/home/pi/ros2_ws/install/my_robot_bringup/bin'
[0.657s] INFO:colcon.colcon_core.shell:Creating package script '/home/pi/ros2_ws/install/my_robot_bringup/share/my_robot_bringup/package.ps1'
[0.658s] INFO:colcon.colcon_core.shell:Creating package descriptor '/home/pi/ros2_ws/install/my_robot_bringup/share/my_robot_bringup/package.dsv'
[0.662s] INFO:colcon.colcon_core.shell:Creating package script '/home/pi/ros2_ws/install/my_robot_bringup/share/my_robot_bringup/package.sh'
[0.662s] INFO:colcon.colcon_core.shell:Creating package script '/home/pi/ros2_ws/install/my_robot_bringup/share/my_robot_bringup/package.bash'
[0.663s] INFO:colcon.colcon_core.shell:Creating package script '/home/pi/ros2_ws/install/my_robot_bringup/share/my_robot_bringup/package.zsh'
[0.664s] Level 1:colcon.colcon_core.environment:create_file_with_runtime_dependencies(/home/pi/ros2_ws/install/my_robot_bringup/share/colcon-core/packages/my_robot_bringup)
[0.665s] DEBUG:colcon.colcon_parallel_executor.executor.parallel:closing loop
[0.665s] DEBUG:colcon.colcon_parallel_executor.executor.parallel:loop closed
[0.665s] DEBUG:colcon.colcon_parallel_executor.executor.parallel:run_until_complete finished with '0'
[0.665s] DEBUG:colcon.colcon_core.event_reactor:joining thread
[0.676s] INFO:colcon.colcon_core.plugin_system:Skipping extension 'colcon_notification.desktop_notification.terminal_notifier': Not used on non-Darwin systems
[0.676s] INFO:colcon.colcon_core.plugin_system:Skipping extension 'colcon_notification.desktop_notification.win32': Not used on non-Windows systems
[0.676s] INFO:colcon.colcon_notification.desktop_notification:Sending desktop notification using 'notify2'
[0.696s] DEBUG:colcon.colcon_core.event_reactor:joined thread
[0.696s] INFO:colcon.colcon_core.shell:Creating prefix script '/home/pi/ros2_ws/install/local_setup.ps1'
[0.698s] INFO:colcon.colcon_core.shell:Creating prefix util module '/home/pi/ros2_ws/install/_local_setup_util_ps1.py'
[0.700s] INFO:colcon.colcon_core.shell:Creating prefix chain script '/home/pi/ros2_ws/install/setup.ps1'
[0.702s] INFO:colcon.colcon_core.shell:Creating prefix script '/home/pi/ros2_ws/install/local_setup.sh'
[0.703s] INFO:colcon.colcon_core.shell:Creating prefix util module '/home/pi/ros2_ws/install/_local_setup_util_sh.py'
[0.705s] INFO:colcon.colcon_core.shell:Creating prefix chain script '/home/pi/ros2_ws/install/setup.sh'
[0.706s] INFO:colcon.colcon_core.shell:Creating prefix script '/home/pi/ros2_ws/install/local_setup.bash'
[0.708s] INFO:colcon.colcon_core.shell:Creating prefix chain script '/home/pi/ros2_ws/install/setup.bash'
[0.711s] INFO:colcon.colcon_core.shell:Creating prefix script '/home/pi/ros2_ws/install/local_setup.zsh'
[0.713s] INFO:colcon.colcon_core.shell:Creating prefix chain script '/home/pi/ros2_ws/install/setup.zsh'
