[100%] Built target pca9685_bts7960
-- Install configuration: ""
-- Execute custom install script
-- Up-to-date symlink: /home/pi/ros2_ws/install/my_robot_hardware/share/my_robot_hardware//pca9685_bts7960.plugin.xml
-- Up-to-date symlink: /home/pi/ros2_ws/install/my_robot_hardware/include/my_robot_hardware/pca9685_bts7960.hpp
-- Up-to-date symlink: /home/pi/ros2_ws/install/my_robot_hardware/share/my_robot_hardware/pca9685_bts7960.plugin.xml
-- Up-to-date symlink: /home/pi/ros2_ws/install/my_robot_hardware/share/my_robot_hardware/environment/library_path.sh
-- Up-to-date symlink: /home/pi/ros2_ws/install/my_robot_hardware/share/my_robot_hardware/environment/library_path.dsv
-- Up-to-date symlink: /home/pi/ros2_ws/install/my_robot_hardware/share/ament_index/resource_index/package_run_dependencies/my_robot_hardware
-- Up-to-date symlink: /home/pi/ros2_ws/install/my_robot_hardware/share/ament_index/resource_index/parent_prefix_path/my_robot_hardware
-- Up-to-date symlink: /home/pi/ros2_ws/install/my_robot_hardware/share/my_robot_hardware/environment/ament_prefix_path.sh
-- Up-to-date symlink: /home/pi/ros2_ws/install/my_robot_hardware/share/my_robot_hardware/environment/ament_prefix_path.dsv
-- Up-to-date symlink: /home/pi/ros2_ws/install/my_robot_hardware/share/my_robot_hardware/environment/path.sh
-- Up-to-date symlink: /home/pi/ros2_ws/install/my_robot_hardware/share/my_robot_hardware/environment/path.dsv
-- Up-to-date symlink: /home/pi/ros2_ws/install/my_robot_hardware/share/my_robot_hardware/local_setup.bash
-- Up-to-date symlink: /home/pi/ros2_ws/install/my_robot_hardware/share/my_robot_hardware/local_setup.sh
-- Up-to-date symlink: /home/pi/ros2_ws/install/my_robot_hardware/share/my_robot_hardware/local_setup.zsh
-- Up-to-date symlink: /home/pi/ros2_ws/install/my_robot_hardware/share/my_robot_hardware/local_setup.dsv
-- Symlinking: /home/pi/ros2_ws/install/my_robot_hardware/share/my_robot_hardware/package.dsv
-- Up-to-date symlink: /home/pi/ros2_ws/install/my_robot_hardware/share/ament_index/resource_index/packages/my_robot_hardware
-- Up-to-date symlink: /home/pi/ros2_ws/install/my_robot_hardware/share/ament_index/resource_index/hardware_interface__pluginlib__plugin/my_robot_hardware
-- Up-to-date symlink: /home/pi/ros2_ws/install/my_robot_hardware/share/my_robot_hardware/cmake/ament_cmake_export_targets-extras.cmake
-- Up-to-date symlink: /home/pi/ros2_ws/install/my_robot_hardware/share/my_robot_hardware/cmake/ament_cmake_export_dependencies-extras.cmake
-- Up-to-date symlink: /home/pi/ros2_ws/install/my_robot_hardware/share/my_robot_hardware/cmake/my_robot_hardwareConfig.cmake
-- Up-to-date symlink: /home/pi/ros2_ws/install/my_robot_hardware/share/my_robot_hardware/cmake/my_robot_hardwareConfig-version.cmake
-- Up-to-date symlink: /home/pi/ros2_ws/install/my_robot_hardware/share/my_robot_hardware/package.xml
-- Up-to-date: /home/pi/ros2_ws/install/my_robot_hardware/lib/libpca9685_bts7960.so
-- Up-to-date: /home/pi/ros2_ws/install/my_robot_hardware/share/my_robot_hardware/cmake/export_my_robot_hardwareExport.cmake
-- Up-to-date: /home/pi/ros2_ws/install/my_robot_hardware/share/my_robot_hardware/cmake/export_my_robot_hardwareExport-noconfig.cmake
